#
# A fatal error has been detected by the Java Runtime Environment:
#
#  SIGSEGV (0xb) at pc=0x0000000105ac41f0, pid=7990, tid=32007
#
# JRE version: Java(TM) SE Runtime Environment (17.0.3.1+2) (build 17.0.3.1+2-LTS-6)
# Java VM: Java HotSpot(TM) 64-Bit Server VM (17.0.3.1+2-LTS-6, mixed mode, sharing, tiered, compressed oops, compressed class ptrs, g1 gc, bsd-amd64)
# Problematic frame:
# V  [libjvm.dylib+0x9ae1f0]  _ZN16SystemDictionary30resolve_instance_class_or_nullEP6Symbol6HandleS2_P10JavaThread+0x170
#
# No core dump will be written. Core dumps have been disabled. To enable core dumping, try "ulimit -c unlimited" before starting Java again
#
# If you would like to submit a bug report, please visit:
#   https://bugreport.java.com/bugreport/crash.jsp
#

---------------  S U M M A R Y ------------

Command Line: -javaagent:/Applications/IntelliJ IDEA CE.app/Contents/lib/idea_rt.jar=64286:/Applications/IntelliJ IDEA CE.app/Contents/bin -Dfile.encoding=UTF-8 --module-path=/Users/koreylombardi/Desktop/restaurant_app/target/classes:/Users/koreylombardi/.m2/repository/org/openjfx/javafx-controls/17.0.1/javafx-controls-17.0.1-mac.jar:/Users/koreylombardi/.m2/repository/org/openjfx/javafx-base/17.0.1/javafx-base-17.0.1-mac.jar:/Users/koreylombardi/.m2/repository/org/openjfx/javafx-fxml/17.0.1/javafx-fxml-17.0.1-mac.jar:/Users/koreylombardi/.m2/repository/org/openjfx/javafx-graphics/17.0.1/javafx-graphics-17.0.1-mac.jar -Djdk.module.main=com.restaurant.restaurant_app com.restaurant.restaurant_app/com.restaurant.restaurant_app.Main

Host: "MacBookPro14,2" x86_64 3100 MHz, 4 cores, 8G, Darwin 21.6.0, macOS 12.5 (21G72)
Time: Tue Aug  9 22:25:57 2022 EDT elapsed time: 63.077896 seconds (0d 0h 1m 3s)

---------------  T H R E A D  ---------------

Current thread (0x00007fbb7e185200):  JavaThread "Glass/Prism Shutdown Hook" [_thread_in_vm, id=32007, stack(0x0000700009da1000,0x0000700009ea1000)]

Stack: [0x0000700009da1000,0x0000700009ea1000],  sp=0x0000700009ea0730,  free space=1021k
Native frames: (J=compiled Java code, j=interpreted, Vv=VM code, C=native code)
V  [libjvm.dylib+0x9ae1f0]  _ZN16SystemDictionary30resolve_instance_class_or_nullEP6Symbol6HandleS2_P10JavaThread+0x170
V  [libjvm.dylib+0x9adb54]  _ZN16SystemDictionary15resolve_or_failEP6Symbol6HandleS2_bP10JavaThread+0x64
V  [libjvm.dylib+0x33e7c7]  _ZN12ConstantPool13klass_at_implERK18constantPoolHandleiP10JavaThread+0x1a7
V  [libjvm.dylib+0x33f399]  _ZN12ConstantPool12klass_ref_atEiP10JavaThread+0xa9
V  [libjvm.dylib+0x710b4c]  _ZN8LinkInfoC2ERK18constantPoolHandleiP10JavaThread+0x3c
V  [libjvm.dylib+0x715d8b]  _ZN12LinkResolver21resolve_invokevirtualER8CallInfo6HandleRK18constantPoolHandleiP10JavaThread+0x2b
V  [libjvm.dylib+0x4fdca9]  _ZN18InterpreterRuntime14resolve_invokeEP10JavaThreadN9Bytecodes4CodeE+0x339
V  [libjvm.dylib+0x4fe349]  _ZN18InterpreterRuntime18resolve_from_cacheEP10JavaThreadN9Bytecodes4CodeE+0x59
j  com.sun.javafx.tk.quantum.QuantumToolkit$1.run()V+4 javafx.graphics
v  ~StubRoutines::call_stub
V  [libjvm.dylib+0x504791]  _ZN9JavaCalls11call_helperEP9JavaValueRK12methodHandleP17JavaCallArgumentsP10JavaThread+0x2a1
V  [libjvm.dylib+0x503807]  _ZN9JavaCalls12call_virtualEP9JavaValueP5KlassP6SymbolS5_P17JavaCallArgumentsP10JavaThread+0x147
V  [libjvm.dylib+0x5038d3]  _ZN9JavaCalls12call_virtualEP9JavaValue6HandleP5KlassP6SymbolS6_P10JavaThread+0x63
V  [libjvm.dylib+0x5ac194]  _ZL12thread_entryP10JavaThreadS0_+0xb4
V  [libjvm.dylib+0x9f1862]  _ZN10JavaThread17thread_main_innerEv+0x142
V  [libjvm.dylib+0x9efe5a]  _ZN6Thread8call_runEv+0x11a
V  [libjvm.dylib+0x883928]  _ZL19thread_native_entryP6Thread+0x148
C  [libsystem_pthread.dylib+0x64e1]  _pthread_start+0x7d
C  [libsystem_pthread.dylib+0x1f6b]  thread_start+0xf

Java frames: (J=compiled Java code, j=interpreted, Vv=VM code)
j  com.sun.javafx.tk.quantum.QuantumToolkit$1.run()V+4 javafx.graphics
v  ~StubRoutines::call_stub

siginfo: si_signo: 11 (SIGSEGV), si_code: 1 (SEGV_MAPERR), si_addr: 0x0000000000000056

Register to memory mapping:

RAX=0xfffffffffffffffe is an unknown value
RBX=0x0000600003bc87c0 points into unknown readable memory: 0x0000000000000002 | 02 00 00 00 00 00 00 00
RCX=0x0000000105d5d906: _ZN16LogTagSetMappingILN6LogTag4typeE81ELS1_0ELS1_0ELS1_0ELS1_0ELS1_0EE7_tagsetE+0x5e in /Library/Java/JavaVirtualMachines/jdk-17.0.3.1.jdk/Contents/Home/lib/server/libjvm.dylib at 0x0000000105116000
RDX=0x0000000800000000 is pointing into metadata
RSP=0x0000700009ea0730 is pointing into the stack for thread: 0x00007fbb7e185200
RBP=0x0000700009ea0830 is pointing into the stack for thread: 0x00007fbb7e185200
RSI=0x0000000800084090 is a pointer to class: 
jdk.internal.loader.ClassLoaders$AppClassLoader {0x0000000800084090}
 - instance size:     13
 - klass size:        104
 - access:            synchronized 
 - state:             fully_initialized
 - name:              'jdk/internal/loader/ClassLoaders$AppClassLoader'
 - super:             'jdk/internal/loader/BuiltinClassLoader'
 - sub:               
 - arrays:            NULL
 - methods:           Array<T>(0x000000080066e9f0)
 - method ordering:   Array<T>(0x000000080066eb40)
 - default_methods:   Array<T>(0x0000000000000000)
 - local interfaces:  Array<T>(0x00000008005dba78)
 - trans. interfaces: Array<T>(0x00000008005dba78)
 - constants:         constant pool [119] {0x000000080066c1f0} for 'jdk/internal/loader/ClassLoaders$AppClassLoader' cache=0x00000008000844a8
 - class loader data:  loader data: 0x0000600001f80280 of 'bootstrap'
 - source file:       'ClassLoaders.java'
 - class annotations:       Array<T>(0x0000000000000000)
 - class type annotations:  Array<T>(0x0000000000000000)
 - field annotations:       Array<T>(0x0000000000000000)
 - field type annotations:  Array<T>(0x0000000000000000)
 - inner classes:     Array<T>(0x000000080066e9d8)
 - nest members:     Array<T>(0x00000008005dba08)
 - permitted subclasses:     Array<T>(0x00000008005dba08)
 - java mirror:       a 'java/lang/Class'{0x00000007ffe03e58} = 'jdk/internal/loader/ClassLoaders$AppClassLoader'
 - vtable length      43  (start addr: 0x0000000800084260)
 - itable length      2 (start addr: 0x00000008000843b8)
 - ---- static fields (0 words):
 - ---- non-static fields (23 words):
 - private 'defaultAssertionStatus' 'Z' @12 
 - private final 'parent' 'Ljava/lang/ClassLoader;' @24 
 - private final 'name' 'Ljava/lang/String;' @28 
 - private final 'unnamedModule' 'Ljava/lang/Module;' @32 
 - private final 'nameAndId' 'Ljava/lang/String;' @36 
 - private final 'parallelLockMap' 'Ljava/util/concurrent/ConcurrentHashMap;' @40 
 - private final 'package2certs' 'Ljava/util/concurrent/ConcurrentHashMap;' @44 
 - private final 'classes' 'Ljava/util/ArrayList;' @48 
 - private final 'defaultDomain' 'Ljava/security/ProtectionDomain;' @52 
 - private final 'packages' 'Ljava/util/concurrent/ConcurrentHashMap;' @56 
 - private final 'libraries' 'Ljdk/internal/loader/NativeLibraries;' @60 
 - final 'assertionLock' 'Ljava/lang/Object;' @64 
 - private 'packageAssertionStatus' 'Ljava/util/Map;' @68 
 - 'classAssertionStatus' 'Ljava/util/Map;' @72 
 - private volatile 'classLoaderValueMap' 'Ljava/util/concurrent/ConcurrentHashMap;' @76 
 - private final 'pdcache' 'Ljava/util/Map;' @80 
 - private final 'parent' 'Ljdk/internal/loader/BuiltinClassLoader;' @84 
 - private synchronized 'ucp' 'Ljdk/internal/loader/URLClassPath;' @88 
 - private final 'nameToModule' 'Ljava/util/Map;' @92 
 - private final 'moduleToReader' 'Ljava/util/Map;' @96 
 - private volatile 'resourceCache' 'Ljava/lang/ref/SoftReference;' @100 
 - non-static oop maps: 24-100 
RDI=0x00000180000822ed is an unknown value
R8 =0x0000000780000000 points into unknown readable memory: 0x0000000000000000 | 00 00 00 00 00 00 00 00
R9 =0x00007fbb7e185200 is a thread
R10=0x0000000105dbdf90: _ZN19TemplateInterpreter13_active_tableE+0x4800 in /Library/Java/JavaVirtualMachines/jdk-17.0.3.1.jdk/Contents/Home/lib/server/libjvm.dylib at 0x0000000105116000
R11=0x0 is NULL
R12=0x00006000011813e0 points into unknown readable memory: 0x0000000787f195c0 | c0 95 f1 87 07 00 00 00
R13=0x00006000011813d8 points into unknown readable memory: 0x0000000787b58068 | 68 80 b5 87 07 00 00 00
R14=0x0000000787f195c0 is an oop: jdk.internal.loader.ClassLoaders$AppClassLoader 
{0x0000000787f195c0} - klass: 'jdk/internal/loader/ClassLoaders$AppClassLoader'
 - ---- fields (total size 13 words):
 - private 'defaultAssertionStatus' 'Z' @12  true (a)
 - private final 'parent' 'Ljava/lang/ClassLoader;' @24  a 'java/lang/Class'{0x0000000787828a30} = 'com/sun/javafx/tk/quantum/QuantumRenderer' (f0f05146)
 - private final 'name' 'Ljava/lang/String;' @28  "app"{0x00000007fff0bb20} (fffe1764)
 - private final 'unnamedModule' 'Ljava/lang/Module;' @32  a 'java/lang/Module'{0x0000000787f19750} (f0fe32ea)
 - private final 'nameAndId' 'Ljava/lang/String;' @36  a 'java/lang/invoke/ResolvedMethodName'{0x0000000787511410} (f0ea2282)
 - private final 'parallelLockMap' 'Ljava/util/concurrent/ConcurrentHashMap;' @40  a 'java/util/concurrent/ConcurrentHashMap'{0x0000000787f19788} (f0fe32f1)
 - private final 'package2certs' 'Ljava/util/concurrent/ConcurrentHashMap;' @44  a 'java/util/concurrent/ConcurrentHashMap'{0x0000000787f197d8} (f0fe32fb)
 - private final 'classes' 'Ljava/util/ArrayList;' @48  a 'java/util/ArrayList'{0x0000000787f19628} (f0fe32c5)
 - private final 'defaultDomain' 'Ljava/security/ProtectionDomain;' @52  a 'java/security/ProtectionDomain'{0x0000000787f19640} (f0fe32c8)
 - private final 'packages' 'Ljava/util/concurrent/ConcurrentHashMap;' @56  a 'java/util/concurrent/ConcurrentHashMap'{0x0000000787f196b0} (f0fe32d6)
 - private final 'libraries' 'Ljdk/internal/loader/NativeLibraries;' @60  a 'jdk/internal/loader/NativeLibraries'{0x0000000787f196f0} (f0fe32de)
 - final 'assertionLock' 'Ljava/lang/Object;' @64  a 'java/lang/Object'{0x0000000787f197c8} (f0fe32f9)
 - private 'packageAssertionStatus' 'Ljava/util/Map;' @68  NULL (0)
 - 'classAssertionStatus' 'Ljava/util/Map;' @72  NULL (0)
 - private volatile 'classLoaderValueMap' 'Ljava/util/concurrent/ConcurrentHashMap;' @76  a 'java/util/concurrent/ConcurrentHashMap'{0x0000000787f19bc0} (f0fe3378)
 - private final 'pdcache' 'Ljava/util/Map;' @80  a 'java/util/concurrent/ConcurrentHashMap'{0x0000000787f19880} (f0fe3310)
 - private final 'parent' 'Ljdk/internal/loader/BuiltinClassLoader;' @84  a 'jdk/internal/loader/ClassLoaders$PlatformClassLoader'{0x0000000787f184f8} (f0fe309f)
 - private synchronized 'ucp' 'Ljdk/internal/loader/URLClassPath;' @88  a 'jdk/internal/loader/URLClassPath'{0x0000000787f18b50} (f0fe316a)
 - private final 'nameToModule' 'Ljava/util/Map;' @92  a 'java/util/concurrent/ConcurrentHashMap'{0x0000000787f198c0} (f0fe3318)
 - private final 'moduleToReader' 'Ljava/util/Map;' @96  a 'java/util/concurrent/ConcurrentHashMap'{0x0000000787f19900} (f0fe3320)
 - private volatile 'resourceCache' 'Ljava/lang/ref/SoftReference;' @100  NULL (0)
R15=0x000060000208bb70 points into unknown readable memory: 0x6f630028f0830016 | 16 00 83 f0 28 00 63 6f


Registers:
RAX=0xfffffffffffffffe, RBX=0x0000600003bc87c0, RCX=0x0000000105d5d906, RDX=0x0000000800000000
RSP=0x0000700009ea0730, RBP=0x0000700009ea0830, RSI=0x0000000800084090, RDI=0x00000180000822ed
R8 =0x0000000780000000, R9 =0x00007fbb7e185200, R10=0x0000000105dbdf90, R11=0x0000000000000000
R12=0x00006000011813e0, R13=0x00006000011813d8, R14=0x0000000787f195c0, R15=0x000060000208bb70
RIP=0x0000000105ac41f0, EFLAGS=0x0000000000010207, ERR=0x0000000000000004
  TRAPNO=0x000000000000000e

Top of Stack: (sp=0x0000700009ea0730)
0x0000700009ea0730:   0000000000000000 00007fbb7e185200
0x0000700009ea0740:   0000600003bc87c0 00006000011813b0
0x0000700009ea0750:   00006000011813e0 0000600001181498
0x0000700009ea0760:   00000000000000d8 0000700009ea0c00
0x0000700009ea0770:   0000000000000000 0000000000000000
0x0000700009ea0780:   0000000000000000 0000000000000000
0x0000700009ea0790:   0000000000000000 0000000000000000
0x0000700009ea07a0:   0000700000000000 0000000000000000
0x0000700009ea07b0:   0000000000000000 0000000000000000
0x0000700009ea07c0:   00006000011813d8 000000000000001f
0x0000700009ea07d0:   0000000000000000 0000000105c4b14b
0x0000700009ea07e0:   0000700009ea0b70 00007fbb7e185200
0x0000700009ea07f0:   0000000000000000 00006000011813e0
0x0000700009ea0800:   0000700009ea0b90 00006000011813d0
0x0000700009ea0810:   000060000208bb70 00006000011813d8
0x0000700009ea0820:   0000000000000001 00007fbb7e185200
0x0000700009ea0830:   0000700009ea0870 0000000105ac3b54
0x0000700009ea0840:   0000000105da000f 000000000000000e
0x0000700009ea0850:   0000700009ea08e0 00006000011813d8
0x0000700009ea0860:   00007fbb7e185200 0000000787b58068
0x0000700009ea0870:   0000700009ea08d0 00000001054547c7
0x0000700009ea0880:   000060000208bb70 0000000000000002
0x0000700009ea0890:   000000000000000e 00006000011813d0
0x0000700009ea08a0:   0000000e0000001f 0000600002ed6e00
0x0000700009ea08b0:   000000000000000e 0000000000000000
0x0000700009ea08c0:   00007fbb7e185200 0000700009ea08e0
0x0000700009ea08d0:   0000700009ea0910 0000000105455399
0x0000700009ea08e0:   000000010a864f20 00007fbb7e185200
0x0000700009ea08f0:   0000700009ea0968 00007fbb7e185200
0x0000700009ea0900:   0000700009ea0aa8 0000000000000002
0x0000700009ea0910:   0000700009ea0950 0000000105826b4c
0x0000700009ea0920:   0000000800458068 0000700009ea09b8 

Instructions: (pc=0x0000000105ac41f0)
0x0000000105ac40f0:   ac 27 b6 ff 48 85 c0 4c 89 65 b8 75 19 e9 c7 00
0x0000000105ac4100:   00 00 31 ff e8 97 27 b6 ff 48 85 c0 4c 89 65 b8
0x0000000105ac4110:   0f 84 b3 00 00 00 49 89 c6 49 8b 9c 24 38 02 00
0x0000000105ac4120:   00 4c 8b 63 18 49 83 fc f8 72 18 48 8d 15 b0 24
0x0000000105ac4130:   13 00 be 08 00 00 00 48 89 df e8 c1 ae 7a ff 4c
0x0000000105ac4140:   8b 63 18 49 8d 44 24 08 48 3b 43 20 76 6e be 08
0x0000000105ac4150:   00 00 00 48 89 df 31 d2 e8 d3 ae 7a ff 49 89 c4
0x0000000105ac4160:   4d 89 34 24 4d 85 e4 74 60 4c 89 f7 31 f6 e8 4d
0x0000000105ac4170:   59 ec ff 84 c0 75 26 48 8d 3d b7 2d 19 00 48 8d
0x0000000105ac4180:   15 f1 2d 19 00 48 8d 0d 2a 2e 19 00 be 23 00 00
0x0000000105ac4190:   00 31 c0 e8 c8 00 9a ff e8 c3 53 ed ff 49 8b 3c
0x0000000105ac41a0:   24 e8 8a 23 b6 ff 48 85 c0 4c 89 65 c8 0f 84 ef
0x0000000105ac41b0:   01 00 00 c7 45 c0 00 00 00 00 eb 22 48 89 43 18
0x0000000105ac41c0:   4d 89 34 24 4d 85 e4 75 a0 48 8d 05 10 07 2d 00
0x0000000105ac41d0:   48 8b 00 b1 01 89 4d c0 31 c9 48 89 4d c8 48 8d
0x0000000105ac41e0:   0d 47 97 29 00 8a 09 80 c1 03 4c 89 ff 48 d3 ef
0x0000000105ac41f0:   4c 8b 68 58 41 8b 0f 49 89 c4 41 8b 57 04 c1 e2
0x0000000105ac4200:   08 41 0f b6 77 06 c1 e6 08 45 0f b6 77 07 41 09
0x0000000105ac4210:   f6 41 31 d6 41 31 fe 41 0f a4 ce 10 4c 89 ef 44
0x0000000105ac4220:   89 f6 4c 89 fa 48 8b 4d 90 e8 62 ed a0 ff 48 89
0x0000000105ac4230:   c3 48 85 c0 0f 85 88 03 00 00 4c 89 6d a8 4c 89
0x0000000105ac4240:   65 b0 80 7d c0 00 74 04 31 f6 eb 20 48 8d 05 f3
0x0000000105ac4250:   8f 2d 00 80 38 00 4c 8b 65 c8 75 0d 49 8b 3c 24
0x0000000105ac4260:   e8 4b 25 b6 ff 84 c0 75 df 4c 89 e6 48 8b 5d b8
0x0000000105ac4270:   4d 89 fc 48 8d bd 40 ff ff ff 48 89 b5 58 ff ff
0x0000000105ac4280:   ff 48 89 da e8 a7 cb ff ff 48 8d 05 30 b1 2e 00
0x0000000105ac4290:   4c 8b 28 4d 85 ed 74 0b 4c 89 ef 48 89 de e8 2d
0x0000000105ac42a0:   41 ea ff 48 8b 7d a8 44 89 f6 4c 89 e2 e8 9e ed
0x0000000105ac42b0:   a0 ff 48 85 c0 48 89 45 c0 0f 84 f9 00 00 00 48
0x0000000105ac42c0:   89 c2 31 f6 45 31 ff 4d 85 ed 74 12 4c 89 ef 48
0x0000000105ac42d0:   89 f3 e8 89 42 ea ff 48 89 de 48 8b 55 c0 45 84
0x0000000105ac42e0:   ff 4c 8b 6d b8 4d 89 e7 74 28 4c 89 ff 48 8b 55 


Stack slot to memory mapping:
stack at sp + 0 slots: 0x0 is NULL
stack at sp + 1 slots: 0x00007fbb7e185200 is a thread
stack at sp + 2 slots: 0x0000600003bc87c0 points into unknown readable memory: 0x0000000000000002 | 02 00 00 00 00 00 00 00
stack at sp + 3 slots: 0x00006000011813b0 points into unknown readable memory: 0x0000000000000000 | 00 00 00 00 00 00 00 00
stack at sp + 4 slots: 0x00006000011813e0 points into unknown readable memory: 0x0000000787f195c0 | c0 95 f1 87 07 00 00 00
stack at sp + 5 slots: 0x0000600001181498 points into unknown readable memory: 0x0000000000000000 | 00 00 00 00 00 00 00 00
stack at sp + 6 slots: 0x00000000000000d8 is an unknown value
stack at sp + 7 slots: 0x0000700009ea0c00 is pointing into the stack for thread: 0x00007fbb7e185200


---------------  P R O C E S S  ---------------

Threads class SMR info:
_java_thread_list=0x0000600002ecad20, length=18, elements={
0x00007fbb7f808600, 0x00007fbb7e844a00, 0x00007fbb7e847200, 0x00007fbb7e84e200,
0x00007fbb7e84f200, 0x00007fbb7e84f800, 0x00007fbb7e852400, 0x00007fbb7f874a00,
0x00007fbb7e00d600, 0x00007fbb7e852a00, 0x00007fbb7f90be00, 0x00007fbb7e07c800,
0x00007fbb7f86e000, 0x00007fbb7e08cc00, 0x00007fbb7e845a00, 0x00007fbb7e974c00,
0x00007fbb7e0e2a00, 0x00007fbb7e185200
}

Java Threads: ( => current thread )
  0x00007fbb7f808600 JavaThread "main" [_thread_blocked, id=9475, stack(0x00007000086d9000,0x00007000087d9000)]
  0x00007fbb7e844a00 JavaThread "Reference Handler" daemon [_thread_blocked, id=15875, stack(0x0000700008dee000,0x0000700008eee000)]
  0x00007fbb7e847200 JavaThread "Finalizer" daemon [_thread_blocked, id=14595, stack(0x0000700008ef1000,0x0000700008ff1000)]
  0x00007fbb7e84e200 JavaThread "Signal Dispatcher" daemon [_thread_blocked, id=42243, stack(0x00007000090fa000,0x00007000091fa000)]
  0x00007fbb7e84f200 JavaThread "Service Thread" daemon [_thread_blocked, id=23043, stack(0x00007000091fd000,0x00007000092fd000)]
  0x00007fbb7e84f800 JavaThread "Monitor Deflation Thread" daemon [_thread_blocked, id=23299, stack(0x0000700009300000,0x0000700009400000)]
  0x00007fbb7e852400 JavaThread "C2 CompilerThread0" daemon [_thread_blocked, id=23811, stack(0x0000700009403000,0x0000700009503000)]
  0x00007fbb7f874a00 JavaThread "C1 CompilerThread0" daemon [_thread_blocked, id=24323, stack(0x0000700009506000,0x0000700009606000)]
  0x00007fbb7e00d600 JavaThread "Sweeper thread" daemon [_thread_blocked, id=41731, stack(0x0000700009609000,0x0000700009709000)]
  0x00007fbb7e852a00 JavaThread "Common-Cleaner" daemon [_thread_blocked, id=25091, stack(0x000070000970c000,0x000070000980c000)]
  0x00007fbb7f90be00 JavaThread "Monitor Ctrl-Break" daemon [_thread_in_native, id=41475, stack(0x000070000980f000,0x000070000990f000)]
  0x00007fbb7e07c800 JavaThread "Notification Thread" daemon [_thread_blocked, id=41219, stack(0x0000700009912000,0x0000700009a12000)]
  0x00007fbb7f86e000 JavaThread "QuantumRenderer-0" daemon [_thread_blocked, id=40195, stack(0x0000700009b18000,0x0000700009c18000)]
  0x00007fbb7e08cc00 JavaThread "InvokeLaterDispatcher" daemon [_thread_blocked, id=36871, stack(0x0000700009c1b000,0x0000700009d1b000)]
  0x00007fbb7e845a00 JavaThread "JavaFX Application Thread" [_thread_in_native, id=259, stack(0x00007ff7bb73c000,0x00007ff7bbf3c000)]
  0x00007fbb7e974c00 JavaThread "Attach Listener" daemon [_thread_blocked, id=53007, stack(0x000070000a02d000,0x000070000a12d000)]
  0x00007fbb7e0e2a00 JavaThread "SIGINT handler" daemon [_thread_blocked, id=43271, stack(0x0000700008ff4000,0x00007000090f4000)]
=>0x00007fbb7e185200 JavaThread "Glass/Prism Shutdown Hook" [_thread_in_vm, id=32007, stack(0x0000700009da1000,0x0000700009ea1000)]

Other Threads:
  0x00007fbb7f107aa0 VMThread "VM Thread" [stack: 0x0000700008ceb000,0x0000700008deb000] [id=14083]
  0x00007fbb7df0b250 WatcherThread [stack: 0x0000700009a15000,0x0000700009b15000] [id=40707]
  0x00007fbb7f306700 GCTaskThread "GC Thread#0" [stack: 0x00007000087dc000,0x00007000088dc000] [id=12035]
  0x00007fbb7f1047c0 ConcurrentGCThread "G1 Main Marker" [stack: 0x00007000088df000,0x00007000089df000] [id=19459]
  0x00007fbb7f105040 ConcurrentGCThread "G1 Conc#0" [stack: 0x00007000089e2000,0x0000700008ae2000] [id=13059]
  0x00007fbb7f306cb0 ConcurrentGCThread "G1 Refine#0" [stack: 0x0000700008ae5000,0x0000700008be5000] [id=18691]
  0x00007fbb7f307540 ConcurrentGCThread "G1 Service" [stack: 0x0000700008be8000,0x0000700008ce8000] [id=18179]

Threads with active compile tasks:

VM state: not at safepoint (normal execution)

VM Mutex/Monitor currently owned by a thread: None

Heap address: 0x0000000780000000, size: 2048 MB, Compressed Oops mode: Zero based, Oop shift amount: 3

CDS archive(s) mapped at: [0x0000000800000000-0x0000000800bd8000-0x0000000800bd8000), size 12419072, SharedBaseAddress: 0x0000000800000000, ArchiveRelocationMode: 0.
Compressed class space mapped at: 0x0000000800c00000-0x0000000840c00000, reserved size: 1073741824
Narrow klass base: 0x0000000800000000, Narrow klass shift: 0, Narrow klass range: 0x100000000

GC Precious Log:
 CPUs: 4 total, 4 available
 Memory: 8192M
 Large Page Support: Disabled
 NUMA Support: Disabled
 Compressed Oops: Enabled (Zero based)
 Heap Region Size: 1M
 Heap Min Capacity: 8M
 Heap Initial Capacity: 128M
 Heap Max Capacity: 2G
 Pre-touch: Disabled
 Parallel Workers: 4
 Concurrent Workers: 1
 Concurrent Refinement Workers: 4
 Periodic GC: Disabled

Heap:
 garbage-first heap   total 133120K, used 12244K [0x0000000780000000, 0x0000000800000000)
  region size 1024K, 12 young (12288K), 0 survivors (0K)
 Metaspace       used 3457K, committed 3712K, reserved 1056768K
  class space    used 382K, committed 512K, reserved 1048576K

Heap Regions: E=young(eden), S=young(survivor), O=old, HS=humongous(starts), HC=humongous(continues), CS=collection set, F=free, OA=open archive, CA=closed archive, TAMS=top-at-mark-start (previous, next)
|   0|0x0000000780000000, 0x0000000780000000, 0x0000000780100000|  0%| F|  |TAMS 0x0000000780000000, 0x0000000780000000| Untracked 
|   1|0x0000000780100000, 0x0000000780100000, 0x0000000780200000|  0%| F|  |TAMS 0x0000000780100000, 0x0000000780100000| Untracked 
|   2|0x0000000780200000, 0x0000000780200000, 0x0000000780300000|  0%| F|  |TAMS 0x0000000780200000, 0x0000000780200000| Untracked 
|   3|0x0000000780300000, 0x0000000780300000, 0x0000000780400000|  0%| F|  |TAMS 0x0000000780300000, 0x0000000780300000| Untracked 
|   4|0x0000000780400000, 0x0000000780400000, 0x0000000780500000|  0%| F|  |TAMS 0x0000000780400000, 0x0000000780400000| Untracked 
|   5|0x0000000780500000, 0x0000000780500000, 0x0000000780600000|  0%| F|  |TAMS 0x0000000780500000, 0x0000000780500000| Untracked 
|   6|0x0000000780600000, 0x0000000780600000, 0x0000000780700000|  0%| F|  |TAMS 0x0000000780600000, 0x0000000780600000| Untracked 
|   7|0x0000000780700000, 0x0000000780700000, 0x0000000780800000|  0%| F|  |TAMS 0x0000000780700000, 0x0000000780700000| Untracked 
|   8|0x0000000780800000, 0x0000000780800000, 0x0000000780900000|  0%| F|  |TAMS 0x0000000780800000, 0x0000000780800000| Untracked 
|   9|0x0000000780900000, 0x0000000780900000, 0x0000000780a00000|  0%| F|  |TAMS 0x0000000780900000, 0x0000000780900000| Untracked 
|  10|0x0000000780a00000, 0x0000000780a00000, 0x0000000780b00000|  0%| F|  |TAMS 0x0000000780a00000, 0x0000000780a00000| Untracked 
|  11|0x0000000780b00000, 0x0000000780b00000, 0x0000000780c00000|  0%| F|  |TAMS 0x0000000780b00000, 0x0000000780b00000| Untracked 
|  12|0x0000000780c00000, 0x0000000780c00000, 0x0000000780d00000|  0%| F|  |TAMS 0x0000000780c00000, 0x0000000780c00000| Untracked 
|  13|0x0000000780d00000, 0x0000000780d00000, 0x0000000780e00000|  0%| F|  |TAMS 0x0000000780d00000, 0x0000000780d00000| Untracked 
|  14|0x0000000780e00000, 0x0000000780e00000, 0x0000000780f00000|  0%| F|  |TAMS 0x0000000780e00000, 0x0000000780e00000| Untracked 
|  15|0x0000000780f00000, 0x0000000780f00000, 0x0000000781000000|  0%| F|  |TAMS 0x0000000780f00000, 0x0000000780f00000| Untracked 
|  16|0x0000000781000000, 0x0000000781000000, 0x0000000781100000|  0%| F|  |TAMS 0x0000000781000000, 0x0000000781000000| Untracked 
|  17|0x0000000781100000, 0x0000000781100000, 0x0000000781200000|  0%| F|  |TAMS 0x0000000781100000, 0x0000000781100000| Untracked 
|  18|0x0000000781200000, 0x0000000781200000, 0x0000000781300000|  0%| F|  |TAMS 0x0000000781200000, 0x0000000781200000| Untracked 
|  19|0x0000000781300000, 0x0000000781300000, 0x0000000781400000|  0%| F|  |TAMS 0x0000000781300000, 0x0000000781300000| Untracked 
|  20|0x0000000781400000, 0x0000000781400000, 0x0000000781500000|  0%| F|  |TAMS 0x0000000781400000, 0x0000000781400000| Untracked 
|  21|0x0000000781500000, 0x0000000781500000, 0x0000000781600000|  0%| F|  |TAMS 0x0000000781500000, 0x0000000781500000| Untracked 
|  22|0x0000000781600000, 0x0000000781600000, 0x0000000781700000|  0%| F|  |TAMS 0x0000000781600000, 0x0000000781600000| Untracked 
|  23|0x0000000781700000, 0x0000000781700000, 0x0000000781800000|  0%| F|  |TAMS 0x0000000781700000, 0x0000000781700000| Untracked 
|  24|0x0000000781800000, 0x0000000781800000, 0x0000000781900000|  0%| F|  |TAMS 0x0000000781800000, 0x0000000781800000| Untracked 
|  25|0x0000000781900000, 0x0000000781900000, 0x0000000781a00000|  0%| F|  |TAMS 0x0000000781900000, 0x0000000781900000| Untracked 
|  26|0x0000000781a00000, 0x0000000781a00000, 0x0000000781b00000|  0%| F|  |TAMS 0x0000000781a00000, 0x0000000781a00000| Untracked 
|  27|0x0000000781b00000, 0x0000000781b00000, 0x0000000781c00000|  0%| F|  |TAMS 0x0000000781b00000, 0x0000000781b00000| Untracked 
|  28|0x0000000781c00000, 0x0000000781c00000, 0x0000000781d00000|  0%| F|  |TAMS 0x0000000781c00000, 0x0000000781c00000| Untracked 
|  29|0x0000000781d00000, 0x0000000781d00000, 0x0000000781e00000|  0%| F|  |TAMS 0x0000000781d00000, 0x0000000781d00000| Untracked 
|  30|0x0000000781e00000, 0x0000000781e00000, 0x0000000781f00000|  0%| F|  |TAMS 0x0000000781e00000, 0x0000000781e00000| Untracked 
|  31|0x0000000781f00000, 0x0000000781f00000, 0x0000000782000000|  0%| F|  |TAMS 0x0000000781f00000, 0x0000000781f00000| Untracked 
|  32|0x0000000782000000, 0x0000000782000000, 0x0000000782100000|  0%| F|  |TAMS 0x0000000782000000, 0x0000000782000000| Untracked 
|  33|0x0000000782100000, 0x0000000782100000, 0x0000000782200000|  0%| F|  |TAMS 0x0000000782100000, 0x0000000782100000| Untracked 
|  34|0x0000000782200000, 0x0000000782200000, 0x0000000782300000|  0%| F|  |TAMS 0x0000000782200000, 0x0000000782200000| Untracked 
|  35|0x0000000782300000, 0x0000000782300000, 0x0000000782400000|  0%| F|  |TAMS 0x0000000782300000, 0x0000000782300000| Untracked 
|  36|0x0000000782400000, 0x0000000782400000, 0x0000000782500000|  0%| F|  |TAMS 0x0000000782400000, 0x0000000782400000| Untracked 
|  37|0x0000000782500000, 0x0000000782500000, 0x0000000782600000|  0%| F|  |TAMS 0x0000000782500000, 0x0000000782500000| Untracked 
|  38|0x0000000782600000, 0x0000000782600000, 0x0000000782700000|  0%| F|  |TAMS 0x0000000782600000, 0x0000000782600000| Untracked 
|  39|0x0000000782700000, 0x0000000782700000, 0x0000000782800000|  0%| F|  |TAMS 0x0000000782700000, 0x0000000782700000| Untracked 
|  40|0x0000000782800000, 0x0000000782800000, 0x0000000782900000|  0%| F|  |TAMS 0x0000000782800000, 0x0000000782800000| Untracked 
|  41|0x0000000782900000, 0x0000000782900000, 0x0000000782a00000|  0%| F|  |TAMS 0x0000000782900000, 0x0000000782900000| Untracked 
|  42|0x0000000782a00000, 0x0000000782a00000, 0x0000000782b00000|  0%| F|  |TAMS 0x0000000782a00000, 0x0000000782a00000| Untracked 
|  43|0x0000000782b00000, 0x0000000782b00000, 0x0000000782c00000|  0%| F|  |TAMS 0x0000000782b00000, 0x0000000782b00000| Untracked 
|  44|0x0000000782c00000, 0x0000000782c00000, 0x0000000782d00000|  0%| F|  |TAMS 0x0000000782c00000, 0x0000000782c00000| Untracked 
|  45|0x0000000782d00000, 0x0000000782d00000, 0x0000000782e00000|  0%| F|  |TAMS 0x0000000782d00000, 0x0000000782d00000| Untracked 
|  46|0x0000000782e00000, 0x0000000782e00000, 0x0000000782f00000|  0%| F|  |TAMS 0x0000000782e00000, 0x0000000782e00000| Untracked 
|  47|0x0000000782f00000, 0x0000000782f00000, 0x0000000783000000|  0%| F|  |TAMS 0x0000000782f00000, 0x0000000782f00000| Untracked 
|  48|0x0000000783000000, 0x0000000783000000, 0x0000000783100000|  0%| F|  |TAMS 0x0000000783000000, 0x0000000783000000| Untracked 
|  49|0x0000000783100000, 0x0000000783100000, 0x0000000783200000|  0%| F|  |TAMS 0x0000000783100000, 0x0000000783100000| Untracked 
|  50|0x0000000783200000, 0x0000000783200000, 0x0000000783300000|  0%| F|  |TAMS 0x0000000783200000, 0x0000000783200000| Untracked 
|  51|0x0000000783300000, 0x0000000783300000, 0x0000000783400000|  0%| F|  |TAMS 0x0000000783300000, 0x0000000783300000| Untracked 
|  52|0x0000000783400000, 0x0000000783400000, 0x0000000783500000|  0%| F|  |TAMS 0x0000000783400000, 0x0000000783400000| Untracked 
|  53|0x0000000783500000, 0x0000000783500000, 0x0000000783600000|  0%| F|  |TAMS 0x0000000783500000, 0x0000000783500000| Untracked 
|  54|0x0000000783600000, 0x0000000783600000, 0x0000000783700000|  0%| F|  |TAMS 0x0000000783600000, 0x0000000783600000| Untracked 
|  55|0x0000000783700000, 0x0000000783700000, 0x0000000783800000|  0%| F|  |TAMS 0x0000000783700000, 0x0000000783700000| Untracked 
|  56|0x0000000783800000, 0x0000000783800000, 0x0000000783900000|  0%| F|  |TAMS 0x0000000783800000, 0x0000000783800000| Untracked 
|  57|0x0000000783900000, 0x0000000783900000, 0x0000000783a00000|  0%| F|  |TAMS 0x0000000783900000, 0x0000000783900000| Untracked 
|  58|0x0000000783a00000, 0x0000000783a00000, 0x0000000783b00000|  0%| F|  |TAMS 0x0000000783a00000, 0x0000000783a00000| Untracked 
|  59|0x0000000783b00000, 0x0000000783b00000, 0x0000000783c00000|  0%| F|  |TAMS 0x0000000783b00000, 0x0000000783b00000| Untracked 
|  60|0x0000000783c00000, 0x0000000783c00000, 0x0000000783d00000|  0%| F|  |TAMS 0x0000000783c00000, 0x0000000783c00000| Untracked 
|  61|0x0000000783d00000, 0x0000000783d00000, 0x0000000783e00000|  0%| F|  |TAMS 0x0000000783d00000, 0x0000000783d00000| Untracked 
|  62|0x0000000783e00000, 0x0000000783e00000, 0x0000000783f00000|  0%| F|  |TAMS 0x0000000783e00000, 0x0000000783e00000| Untracked 
|  63|0x0000000783f00000, 0x0000000783f00000, 0x0000000784000000|  0%| F|  |TAMS 0x0000000783f00000, 0x0000000783f00000| Untracked 
|  64|0x0000000784000000, 0x0000000784000000, 0x0000000784100000|  0%| F|  |TAMS 0x0000000784000000, 0x0000000784000000| Untracked 
|  65|0x0000000784100000, 0x0000000784100000, 0x0000000784200000|  0%| F|  |TAMS 0x0000000784100000, 0x0000000784100000| Untracked 
|  66|0x0000000784200000, 0x0000000784200000, 0x0000000784300000|  0%| F|  |TAMS 0x0000000784200000, 0x0000000784200000| Untracked 
|  67|0x0000000784300000, 0x0000000784300000, 0x0000000784400000|  0%| F|  |TAMS 0x0000000784300000, 0x0000000784300000| Untracked 
|  68|0x0000000784400000, 0x0000000784400000, 0x0000000784500000|  0%| F|  |TAMS 0x0000000784400000, 0x0000000784400000| Untracked 
|  69|0x0000000784500000, 0x0000000784500000, 0x0000000784600000|  0%| F|  |TAMS 0x0000000784500000, 0x0000000784500000| Untracked 
|  70|0x0000000784600000, 0x0000000784600000, 0x0000000784700000|  0%| F|  |TAMS 0x0000000784600000, 0x0000000784600000| Untracked 
|  71|0x0000000784700000, 0x0000000784700000, 0x0000000784800000|  0%| F|  |TAMS 0x0000000784700000, 0x0000000784700000| Untracked 
|  72|0x0000000784800000, 0x0000000784800000, 0x0000000784900000|  0%| F|  |TAMS 0x0000000784800000, 0x0000000784800000| Untracked 
|  73|0x0000000784900000, 0x0000000784900000, 0x0000000784a00000|  0%| F|  |TAMS 0x0000000784900000, 0x0000000784900000| Untracked 
|  74|0x0000000784a00000, 0x0000000784a00000, 0x0000000784b00000|  0%| F|  |TAMS 0x0000000784a00000, 0x0000000784a00000| Untracked 
|  75|0x0000000784b00000, 0x0000000784b00000, 0x0000000784c00000|  0%| F|  |TAMS 0x0000000784b00000, 0x0000000784b00000| Untracked 
|  76|0x0000000784c00000, 0x0000000784c00000, 0x0000000784d00000|  0%| F|  |TAMS 0x0000000784c00000, 0x0000000784c00000| Untracked 
|  77|0x0000000784d00000, 0x0000000784d00000, 0x0000000784e00000|  0%| F|  |TAMS 0x0000000784d00000, 0x0000000784d00000| Untracked 
|  78|0x0000000784e00000, 0x0000000784e00000, 0x0000000784f00000|  0%| F|  |TAMS 0x0000000784e00000, 0x0000000784e00000| Untracked 
|  79|0x0000000784f00000, 0x0000000784f00000, 0x0000000785000000|  0%| F|  |TAMS 0x0000000784f00000, 0x0000000784f00000| Untracked 
|  80|0x0000000785000000, 0x0000000785000000, 0x0000000785100000|  0%| F|  |TAMS 0x0000000785000000, 0x0000000785000000| Untracked 
|  81|0x0000000785100000, 0x0000000785100000, 0x0000000785200000|  0%| F|  |TAMS 0x0000000785100000, 0x0000000785100000| Untracked 
|  82|0x0000000785200000, 0x0000000785200000, 0x0000000785300000|  0%| F|  |TAMS 0x0000000785200000, 0x0000000785200000| Untracked 
|  83|0x0000000785300000, 0x0000000785300000, 0x0000000785400000|  0%| F|  |TAMS 0x0000000785300000, 0x0000000785300000| Untracked 
|  84|0x0000000785400000, 0x0000000785400000, 0x0000000785500000|  0%| F|  |TAMS 0x0000000785400000, 0x0000000785400000| Untracked 
|  85|0x0000000785500000, 0x0000000785500000, 0x0000000785600000|  0%| F|  |TAMS 0x0000000785500000, 0x0000000785500000| Untracked 
|  86|0x0000000785600000, 0x0000000785600000, 0x0000000785700000|  0%| F|  |TAMS 0x0000000785600000, 0x0000000785600000| Untracked 
|  87|0x0000000785700000, 0x0000000785700000, 0x0000000785800000|  0%| F|  |TAMS 0x0000000785700000, 0x0000000785700000| Untracked 
|  88|0x0000000785800000, 0x0000000785800000, 0x0000000785900000|  0%| F|  |TAMS 0x0000000785800000, 0x0000000785800000| Untracked 
|  89|0x0000000785900000, 0x0000000785900000, 0x0000000785a00000|  0%| F|  |TAMS 0x0000000785900000, 0x0000000785900000| Untracked 
|  90|0x0000000785a00000, 0x0000000785a00000, 0x0000000785b00000|  0%| F|  |TAMS 0x0000000785a00000, 0x0000000785a00000| Untracked 
|  91|0x0000000785b00000, 0x0000000785b00000, 0x0000000785c00000|  0%| F|  |TAMS 0x0000000785b00000, 0x0000000785b00000| Untracked 
|  92|0x0000000785c00000, 0x0000000785c00000, 0x0000000785d00000|  0%| F|  |TAMS 0x0000000785c00000, 0x0000000785c00000| Untracked 
|  93|0x0000000785d00000, 0x0000000785d00000, 0x0000000785e00000|  0%| F|  |TAMS 0x0000000785d00000, 0x0000000785d00000| Untracked 
|  94|0x0000000785e00000, 0x0000000785e00000, 0x0000000785f00000|  0%| F|  |TAMS 0x0000000785e00000, 0x0000000785e00000| Untracked 
|  95|0x0000000785f00000, 0x0000000785f00000, 0x0000000786000000|  0%| F|  |TAMS 0x0000000785f00000, 0x0000000785f00000| Untracked 
|  96|0x0000000786000000, 0x0000000786000000, 0x0000000786100000|  0%| F|  |TAMS 0x0000000786000000, 0x0000000786000000| Untracked 
|  97|0x0000000786100000, 0x0000000786100000, 0x0000000786200000|  0%| F|  |TAMS 0x0000000786100000, 0x0000000786100000| Untracked 
|  98|0x0000000786200000, 0x0000000786200000, 0x0000000786300000|  0%| F|  |TAMS 0x0000000786200000, 0x0000000786200000| Untracked 
|  99|0x0000000786300000, 0x0000000786300000, 0x0000000786400000|  0%| F|  |TAMS 0x0000000786300000, 0x0000000786300000| Untracked 
| 100|0x0000000786400000, 0x0000000786400000, 0x0000000786500000|  0%| F|  |TAMS 0x0000000786400000, 0x0000000786400000| Untracked 
| 101|0x0000000786500000, 0x0000000786500000, 0x0000000786600000|  0%| F|  |TAMS 0x0000000786500000, 0x0000000786500000| Untracked 
| 102|0x0000000786600000, 0x0000000786600000, 0x0000000786700000|  0%| F|  |TAMS 0x0000000786600000, 0x0000000786600000| Untracked 
| 103|0x0000000786700000, 0x0000000786700000, 0x0000000786800000|  0%| F|  |TAMS 0x0000000786700000, 0x0000000786700000| Untracked 
| 104|0x0000000786800000, 0x0000000786800000, 0x0000000786900000|  0%| F|  |TAMS 0x0000000786800000, 0x0000000786800000| Untracked 
| 105|0x0000000786900000, 0x0000000786900000, 0x0000000786a00000|  0%| F|  |TAMS 0x0000000786900000, 0x0000000786900000| Untracked 
| 106|0x0000000786a00000, 0x0000000786a00000, 0x0000000786b00000|  0%| F|  |TAMS 0x0000000786a00000, 0x0000000786a00000| Untracked 
| 107|0x0000000786b00000, 0x0000000786b00000, 0x0000000786c00000|  0%| F|  |TAMS 0x0000000786b00000, 0x0000000786b00000| Untracked 
| 108|0x0000000786c00000, 0x0000000786c00000, 0x0000000786d00000|  0%| F|  |TAMS 0x0000000786c00000, 0x0000000786c00000| Untracked 
| 109|0x0000000786d00000, 0x0000000786d00000, 0x0000000786e00000|  0%| F|  |TAMS 0x0000000786d00000, 0x0000000786d00000| Untracked 
| 110|0x0000000786e00000, 0x0000000786e00000, 0x0000000786f00000|  0%| F|  |TAMS 0x0000000786e00000, 0x0000000786e00000| Untracked 
| 111|0x0000000786f00000, 0x0000000786f00000, 0x0000000787000000|  0%| F|  |TAMS 0x0000000786f00000, 0x0000000786f00000| Untracked 
| 112|0x0000000787000000, 0x0000000787000000, 0x0000000787100000|  0%| F|  |TAMS 0x0000000787000000, 0x0000000787000000| Untracked 
| 113|0x0000000787100000, 0x0000000787100000, 0x0000000787200000|  0%| F|  |TAMS 0x0000000787100000, 0x0000000787100000| Untracked 
| 114|0x0000000787200000, 0x0000000787200000, 0x0000000787300000|  0%| F|  |TAMS 0x0000000787200000, 0x0000000787200000| Untracked 
| 115|0x0000000787300000, 0x0000000787300000, 0x0000000787400000|  0%| F|  |TAMS 0x0000000787300000, 0x0000000787300000| Untracked 
| 116|0x0000000787400000, 0x00000007874c8c00, 0x0000000787500000| 78%| E|  |TAMS 0x0000000787400000, 0x0000000787400000| Complete 
| 117|0x0000000787500000, 0x0000000787600000, 0x0000000787600000|100%| E|CS|TAMS 0x0000000787500000, 0x0000000787500000| Complete 
| 118|0x0000000787600000, 0x0000000787700000, 0x0000000787700000|100%| E|CS|TAMS 0x0000000787600000, 0x0000000787600000| Complete 
| 119|0x0000000787700000, 0x0000000787800000, 0x0000000787800000|100%| E|CS|TAMS 0x0000000787700000, 0x0000000787700000| Complete 
| 120|0x0000000787800000, 0x0000000787900000, 0x0000000787900000|100%| E|CS|TAMS 0x0000000787800000, 0x0000000787800000| Complete 
| 121|0x0000000787900000, 0x0000000787a00000, 0x0000000787a00000|100%| E|CS|TAMS 0x0000000787900000, 0x0000000787900000| Complete 
| 122|0x0000000787a00000, 0x0000000787b00000, 0x0000000787b00000|100%| E|CS|TAMS 0x0000000787a00000, 0x0000000787a00000| Complete 
| 123|0x0000000787b00000, 0x0000000787c00000, 0x0000000787c00000|100%| E|CS|TAMS 0x0000000787b00000, 0x0000000787b00000| Complete 
| 124|0x0000000787c00000, 0x0000000787d00000, 0x0000000787d00000|100%| E|CS|TAMS 0x0000000787c00000, 0x0000000787c00000| Complete 
| 125|0x0000000787d00000, 0x0000000787e00000, 0x0000000787e00000|100%| E|CS|TAMS 0x0000000787d00000, 0x0000000787d00000| Complete 
| 126|0x0000000787e00000, 0x0000000787f00000, 0x0000000787f00000|100%| E|CS|TAMS 0x0000000787e00000, 0x0000000787e00000| Complete 
| 127|0x0000000787f00000, 0x0000000788000000, 0x0000000788000000|100%| E|CS|TAMS 0x0000000787f00000, 0x0000000787f00000| Complete 
|2046|0x00000007ffe00000, 0x00000007ffe76000, 0x00000007fff00000| 46%|OA|  |TAMS 0x00000007ffe00000, 0x00000007ffe00000| Untracked 
|2047|0x00000007fff00000, 0x00000007fff7f000, 0x0000000800000000| 49%|CA|  |TAMS 0x00000007fff00000, 0x00000007fff00000| Untracked 

Card table byte_map: [0x00000001047c7000,0x0000000104bc7000] _byte_map_base: 0x0000000100bc7000

Marking Bits (Prev, Next): (CMBitMap*) 0x00007fbb7e80ce10, (CMBitMap*) 0x00007fbb7e80ce50
 Prev Bits: [0x0000000106172000, 0x0000000108172000)
 Next Bits: [0x0000000108172000, 0x000000010a172000)

Polling page: 0x00000001040eb000

Metaspace:

Usage:
  Non-class:      3.00 MB used.
      Class:    382.87 KB used.
       Both:      3.38 MB used.

Virtual space:
  Non-class space:        8.00 MB reserved,       3.12 MB ( 39%) committed,  1 nodes.
      Class space:        1.00 GB reserved,     512.00 KB ( <1%) committed,  1 nodes.
             Both:        1.01 GB reserved,       3.62 MB ( <1%) committed. 

Chunk freelists:
   Non-Class:  2.85 MB
       Class:  3.54 MB
        Both:  6.40 MB

MaxMetaspaceSize: unlimited
CompressedClassSpaceSize: 1.00 GB
Initial GC threshold: 21.00 MB
Current GC threshold: 21.00 MB
CDS: on
MetaspaceReclaimPolicy: balanced
 - commit_granule_bytes: 65536.
 - commit_granule_words: 8192.
 - virtual_space_node_default_size: 1048576.
 - enlarge_chunks_in_place: 1.
 - new_chunks_are_fully_committed: 0.
 - uncommit_free_chunks: 1.
 - use_allocation_guard: 0.
 - handle_deallocations: 1.


Internal statistics:

num_allocs_failed_limit: 0.
num_arena_births: 76.
num_arena_deaths: 0.
num_vsnodes_births: 2.
num_vsnodes_deaths: 0.
num_space_committed: 58.
num_space_uncommitted: 0.
num_chunks_returned_to_freelist: 0.
num_chunks_taken_from_freelist: 159.
num_chunk_merges: 0.
num_chunk_splits: 99.
num_chunks_enlarged: 60.
num_purges: 0.
num_inconsistent_stats: 0.

CodeHeap 'non-profiled nmethods': size=120032Kb used=227Kb max_used=227Kb free=119804Kb
 bounds [0x000000011a2f9000, 0x000000011a569000, 0x0000000121831000]
CodeHeap 'profiled nmethods': size=120028Kb used=1056Kb max_used=1056Kb free=118971Kb
 bounds [0x0000000112dc2000, 0x0000000113032000, 0x000000011a2f9000]
CodeHeap 'non-nmethods': size=5700Kb used=1182Kb max_used=1202Kb free=4517Kb
 bounds [0x0000000112831000, 0x0000000112aa1000, 0x0000000112dc2000]
 total_blobs=1187 nmethods=703 adapters=398
 compilation: enabled
              stopped_count=0, restarted_count=0
 full_count=0

Compilation events (20 events):
Event: 1.303 Thread 0x00007fbb7f874a00 nmethod 697 0x0000000112ec7210 code [0x0000000112ec73c0, 0x0000000112ec76b0]
Event: 1.303 Thread 0x00007fbb7f874a00  698       3       java.util.LinkedHashMap::linkNodeLast (33 bytes)
Event: 1.303 Thread 0x00007fbb7f874a00 nmethod 698 0x0000000112ec7790 code [0x0000000112ec7940, 0x0000000112ec7c70]
Event: 1.303 Thread 0x00007fbb7f874a00  699       3       java.util.LinkedHashMap::afterNodeInsertion (40 bytes)
Event: 1.303 Thread 0x00007fbb7f874a00 nmethod 699 0x0000000112ec7d90 code [0x0000000112ec7f40, 0x0000000112ec8130]
Event: 1.303 Thread 0x00007fbb7f874a00  700       3       java.util.Properties::getProperty (50 bytes)
Event: 1.303 Thread 0x00007fbb7f874a00 nmethod 700 0x0000000112ec8210 code [0x0000000112ec83e0, 0x0000000112ec88f0]
Event: 1.304 Thread 0x00007fbb7f874a00  701       3       java.lang.StringBuilder::<init> (6 bytes)
Event: 1.304 Thread 0x00007fbb7e852400 nmethod 668 0x000000011a32fb10 code [0x000000011a32fd20, 0x000000011a330c18]
Event: 1.304 Thread 0x00007fbb7f874a00 nmethod 701 0x0000000112ec8a10 code [0x0000000112ec8bc0, 0x0000000112ec8d00]
Event: 1.304 Thread 0x00007fbb7e852400  695       4       java.util.HashMap$Node::<init> (26 bytes)
Event: 1.304 Thread 0x00007fbb7f874a00  702       3       java.util.concurrent.ConcurrentHashMap$Traverser::advance (188 bytes)
Event: 1.304 Thread 0x00007fbb7f874a00 nmethod 702 0x0000000112ec8d90 code [0x0000000112ec8fe0, 0x0000000112ec9be0]
Event: 1.304 Thread 0x00007fbb7f874a00  703       3       java.lang.StringLatin1::inflate (34 bytes)
Event: 1.305 Thread 0x00007fbb7f874a00 nmethod 703 0x0000000112ec9e90 code [0x0000000112eca040, 0x0000000112eca230]
Event: 1.306 Thread 0x00007fbb7e852400 nmethod 695 0x000000011a331310 code [0x000000011a331480, 0x000000011a3317f8]
Event: 1.306 Thread 0x00007fbb7e852400  683       4       java.util.HashMap::newNode (13 bytes)
Event: 1.307 Thread 0x00007fbb7e852400 nmethod 683 0x000000011a331890 code [0x000000011a331a20, 0x000000011a331b38]
Event: 1.307 Thread 0x00007fbb7e852400  678       4       java.lang.ref.Reference::reachabilityFence (1 bytes)
Event: 1.307 Thread 0x00007fbb7e852400 nmethod 678 0x000000011a331c10 code [0x000000011a331d80, 0x000000011a331dd8]

GC Heap History (0 events):
No events

Deoptimization events (20 events):
Event: 0.372 Thread 0x00007fbb7f808600 DEOPT PACKING pc=0x0000000112e3a1da sp=0x00007000087d7260
Event: 0.372 Thread 0x00007fbb7f808600 DEOPT UNPACKING pc=0x000000011288382f sp=0x00007000087d66a0 mode 0
Event: 0.397 Thread 0x00007fbb7f808600 DEOPT PACKING pc=0x0000000112e0bdcb sp=0x00007000087d3eb0
Event: 0.397 Thread 0x00007fbb7f808600 DEOPT UNPACKING pc=0x000000011288382f sp=0x00007000087d3330 mode 0
Event: 0.505 Thread 0x00007fbb7f86e000 Uncommon trap: trap_request=0xffffff45 fr.pc=0x000000011a307e88 relative=0x00000000000006c8
Event: 0.505 Thread 0x00007fbb7f86e000 Uncommon trap: reason=unstable_if action=reinterpret pc=0x000000011a307e88 method=jdk.internal.module.Checks.isJavaIdentifier(Ljava/lang/String;)Z @ 4 c2
Event: 0.505 Thread 0x00007fbb7f86e000 DEOPT PACKING pc=0x000000011a307e88 sp=0x0000700009c16da0
Event: 0.505 Thread 0x00007fbb7f86e000 DEOPT UNPACKING pc=0x0000000112883099 sp=0x0000700009c16d60 mode 2
Event: 0.527 Thread 0x00007fbb7f86e000 Uncommon trap: trap_request=0xffffff45 fr.pc=0x000000011a312394 relative=0x0000000000000df4
Event: 0.527 Thread 0x00007fbb7f86e000 Uncommon trap: reason=unstable_if action=reinterpret pc=0x000000011a312394 method=java.util.HashMap.putVal(ILjava/lang/Object;Ljava/lang/Object;ZZ)Ljava/lang/Object; @ 193 c2
Event: 0.527 Thread 0x00007fbb7f86e000 DEOPT PACKING pc=0x000000011a312394 sp=0x0000700009c16a00
Event: 0.527 Thread 0x00007fbb7f86e000 DEOPT UNPACKING pc=0x0000000112883099 sp=0x0000700009c169a0 mode 2
Event: 0.863 Thread 0x00007fbb7e845a00 Uncommon trap: trap_request=0xffffff45 fr.pc=0x000000011a32b6d0 relative=0x0000000000000190
Event: 0.863 Thread 0x00007fbb7e845a00 Uncommon trap: reason=unstable_if action=reinterpret pc=0x000000011a32b6d0 method=java.lang.invoke.VarHandle.checkExactAccessMode(Ljava/lang/invoke/VarHandle$AccessDescriptor;)V @ 4 c2
Event: 0.863 Thread 0x00007fbb7e845a00 DEOPT PACKING pc=0x000000011a32b6d0 sp=0x00007ff7bbf37ae0
Event: 0.863 Thread 0x00007fbb7e845a00 DEOPT UNPACKING pc=0x0000000112883099 sp=0x00007ff7bbf37a40 mode 2
Event: 1.300 Thread 0x00007fbb7e974c00 Uncommon trap: trap_request=0xffffff45 fr.pc=0x000000011a308ca0 relative=0x0000000000000100
Event: 1.300 Thread 0x00007fbb7e974c00 Uncommon trap: reason=unstable_if action=reinterpret pc=0x000000011a308ca0 method=java.lang.StringLatin1.lastIndexOf([BI[BII)I @ 86 c2
Event: 1.300 Thread 0x00007fbb7e974c00 DEOPT PACKING pc=0x000000011a308ca0 sp=0x000070000a12bad0
Event: 1.300 Thread 0x00007fbb7e974c00 DEOPT UNPACKING pc=0x0000000112883099 sp=0x000070000a12ba48 mode 2

Classes unloaded (0 events):
No events

Classes redefined (0 events):
No events

Internal exceptions (10 events):
Event: 0.108 Thread 0x00007fbb7f808600 Exception <a 'java/lang/NoSuchMethodError'{0x0000000787fe6b08}: 'void java.lang.invoke.DirectMethodHandle$Holder.invokeVirtual(java.lang.Object, java.lang.Object)'> (0x0000000787fe6b08) 
thrown [open/src/hotspot/share/interpreter/linkResolver.cpp, line 766]
Event: 0.281 Thread 0x00007fbb7f808600 Implicit null exception at 0x000000011a30a855 to 0x000000011a30a9c0
Event: 0.291 Thread 0x00007fbb7f90be00 Exception <a 'java/lang/NoSuchMethodError'{0x0000000787cd2158}: 'java.lang.Object java.lang.invoke.DirectMethodHandle$Holder.invokeStaticInit(java.lang.Object)'> (0x0000000787cd2158) 
thrown [open/src/hotspot/share/interpreter/linkResolver.cpp, line 766]
Event: 0.297 Thread 0x00007fbb7f90be00 Exception <a 'java/lang/ClassNotFoundException'{0x0000000787cdd088}: jdk/net/ExtendedSocketOptions> (0x0000000787cdd088) 
thrown [open/src/hotspot/share/classfile/systemDictionary.cpp, line 256]
Event: 0.303 Thread 0x00007fbb7f90be00 Exception <a 'java/lang/NoSuchMethodError'{0x0000000787cde8e0}: 'void java.lang.invoke.DirectMethodHandle$Holder.invokeStatic(java.lang.Object, java.lang.Object)'> (0x0000000787cde8e0) 
thrown [open/src/hotspot/share/interpreter/linkResolver.cpp, line 766]
Event: 0.445 Thread 0x00007fbb7f808600 Exception <a 'java/lang/NoSuchMethodError'{0x000000078781c080}: 'void java.lang.invoke.DirectMethodHandle$Holder.invokeSpecial(java.lang.Object, java.lang.Object, java.lang.Object)'> (0x000000078781c080) 
thrown [open/src/hotspot/share/interpreter/linkResolver.cpp, line 766]
Event: 0.462 Thread 0x00007fbb7f808600 Exception <a 'java/lang/NoSuchMethodError'{0x0000000787858498}: 'void java.lang.invoke.DirectMethodHandle$Holder.invokeStatic(java.lang.Object, java.lang.Object, java.lang.Object)'> (0x0000000787858498) 
thrown [open/src/hotspot/share/interpreter/linkResolver.cpp, line 766]
Event: 0.651 Thread 0x00007fbb7f808600 Exception <a 'java/lang/NoSuchMethodError'{0x0000000787874fb0}: 'int java.lang.invoke.DirectMethodHandle$Holder.invokeStaticInit(java.lang.Object, java.lang.Object, java.lang.Object)'> (0x0000000787874fb0) 
thrown [open/src/hotspot/share/interpreter/linkResolver.cpp, line 766]
Event: 0.864 Thread 0x00007fbb7e845a00 Exception <a 'java/lang/ClassCastException'{0x0000000787511670}> (0x0000000787511670) 
thrown [open/src/hotspot/share/runtime/sharedRuntime.cpp, line 628]
Event: 0.864 Thread 0x00007fbb7e845a00 Exception <a 'java/lang/BootstrapMethodError'{0x0000000787511940}> (0x0000000787511940) 
thrown [open/src/hotspot/share/utilities/exceptions.cpp, line 452]

VM Operations (10 events):
Event: 0.261 Executing VM operation: HandshakeAllThreads
Event: 0.261 Executing VM operation: HandshakeAllThreads done
Event: 0.261 Executing VM operation: HandshakeAllThreads
Event: 0.261 Executing VM operation: HandshakeAllThreads done
Event: 0.289 Executing VM operation: HandshakeAllThreads
Event: 0.289 Executing VM operation: HandshakeAllThreads done
Event: 1.186 Executing VM operation: Cleanup
Event: 1.200 Executing VM operation: Cleanup done
Event: 2.201 Executing VM operation: Cleanup
Event: 2.203 Executing VM operation: Cleanup done

Events (20 events):
Event: 1.294 loading class sun/util/locale/provider/TimeZoneNameProviderImpl done
Event: 1.294 loading class sun/util/cldr/CLDRTimeZoneNameProviderImpl done
Event: 1.297 loading class sun/util/locale/provider/BaseLocaleDataMetaInfo
Event: 1.297 loading class sun/util/locale/provider/BaseLocaleDataMetaInfo done
Event: 1.299 loading class sun/util/resources/cldr/TimeZoneNames
Event: 1.299 loading class sun/util/resources/TimeZoneNamesBundle
Event: 1.299 loading class sun/util/resources/OpenListResourceBundle
Event: 1.299 loading class sun/util/resources/OpenListResourceBundle done
Event: 1.299 loading class sun/util/resources/TimeZoneNamesBundle done
Event: 1.299 loading class sun/util/resources/cldr/TimeZoneNames done
Event: 1.299 loading class sun/util/resources/cldr/TimeZoneNames_en
Event: 1.300 loading class sun/util/resources/cldr/TimeZoneNames_en done
Event: 1.300 loading class sun/util/resources/cldr/TimeZoneNames_en_US
Event: 1.300 loading class sun/util/resources/cldr/TimeZoneNames_en_US done
Event: 63.043 loading class jdk/internal/misc/Signal$1
Event: 63.043 loading class jdk/internal/misc/Signal$1 done
Event: 63.046 Thread 0x00007fbb7e0e2a00 Thread added: 0x00007fbb7e0e2a00
Event: 63.047 Protecting memory [0x0000700008ff4000,0x0000700008ff8000] with protection modes 0
Event: 63.051 Thread 0x00007fbb7e185200 Thread added: 0x00007fbb7e185200
Event: 63.051 Protecting memory [0x0000700009da1000,0x0000700009da5000] with protection modes 0


Dynamic libraries:
0x00000001040ed000 	/Library/Java/JavaVirtualMachines/jdk-17.0.3.1.jdk/Contents/Home/lib/libjli.dylib
0x00007ff819f5d000 	/usr/lib/libz.1.dylib
0x00007ff81a03d000 	/usr/lib/libSystem.B.dylib
0x00007ff81a038000 	/usr/lib/system/libcache.dylib
0x00007ff819ff4000 	/usr/lib/system/libcommonCrypto.dylib
0x00007ff81a01d000 	/usr/lib/system/libcompiler_rt.dylib
0x00007ff81a013000 	/usr/lib/system/libcopyfile.dylib
0x00007ff80efcc000 	/usr/lib/system/libcorecrypto.dylib
0x00007ff80f08a000 	/usr/lib/system/libdispatch.dylib
0x00007ff80f24a000 	/usr/lib/system/libdyld.dylib
0x00007ff81a02f000 	/usr/lib/system/libkeymgr.dylib
0x00007ff819fd2000 	/usr/lib/system/libmacho.dylib
0x00007ff819653000 	/usr/lib/system/libquarantine.dylib
0x00007ff81a02d000 	/usr/lib/system/libremovefile.dylib
0x00007ff8141df000 	/usr/lib/system/libsystem_asl.dylib
0x00007ff80ef75000 	/usr/lib/system/libsystem_blocks.dylib
0x00007ff80f10e000 	/usr/lib/system/libsystem_c.dylib
0x00007ff81a025000 	/usr/lib/system/libsystem_collections.dylib
0x00007ff818907000 	/usr/lib/system/libsystem_configuration.dylib
0x00007ff817bb0000 	/usr/lib/system/libsystem_containermanager.dylib
0x00007ff819d0a000 	/usr/lib/system/libsystem_coreservices.dylib
0x00007ff811880000 	/usr/lib/system/libsystem_darwin.dylib
0x00007ff81a030000 	/usr/lib/system/libsystem_dnssd.dylib
0x00007ff80f10b000 	/usr/lib/system/libsystem_featureflags.dylib
0x00007ff80f260000 	/usr/lib/system/libsystem_info.dylib
0x00007ff819f70000 	/usr/lib/system/libsystem_m.dylib
0x00007ff80f05e000 	/usr/lib/system/libsystem_malloc.dylib
0x00007ff81417a000 	/usr/lib/system/libsystem_networkextension.dylib
0x00007ff811ca6000 	/usr/lib/system/libsystem_notify.dylib
0x00007ff8202ab000 	/usr/lib/system/libsystem_product_info_filter.dylib
0x00007ff81890b000 	/usr/lib/system/libsystem_sandbox.dylib
0x00007ff81a02a000 	/usr/lib/system/libsystem_secinit.dylib
0x00007ff80f206000 	/usr/lib/system/libsystem_kernel.dylib
0x00007ff80f256000 	/usr/lib/system/libsystem_platform.dylib
0x00007ff80f23e000 	/usr/lib/system/libsystem_pthread.dylib
0x00007ff815a2d000 	/usr/lib/system/libsystem_symptoms.dylib
0x00007ff80efb3000 	/usr/lib/system/libsystem_trace.dylib
0x00007ff81a000000 	/usr/lib/system/libunwind.dylib
0x00007ff80ef77000 	/usr/lib/system/libxpc.dylib
0x00007ff80f1f0000 	/usr/lib/libc++abi.dylib
0x00007ff80f0d1000 	/usr/lib/libobjc.A.dylib
0x00007ff81a00b000 	/usr/lib/liboah.dylib
0x00007ff80f197000 	/usr/lib/libc++.1.dylib
0x00007ff8260ac000 	/System/Library/Frameworks/Cocoa.framework/Versions/A/Cocoa
0x00007ff811d04000 	/System/Library/Frameworks/AppKit.framework/Versions/C/AppKit
0x00007ff81521b000 	/System/Library/Frameworks/CoreData.framework/Versions/A/CoreData
0x00007ff810107000 	/System/Library/Frameworks/Foundation.framework/Versions/C/Foundation
0x00007ff812b94000 	/System/Library/PrivateFrameworks/UIFoundation.framework/Versions/A/UIFoundation
0x00007ff81ffae000 	/System/Library/PrivateFrameworks/RemoteViewServices.framework/Versions/A/RemoteViewServices
0x00007ff818291000 	/System/Library/PrivateFrameworks/XCTTargetBootstrap.framework/Versions/A/XCTTargetBootstrap
0x00007ff81be44000 	/System/Library/PrivateFrameworks/InternationalSupport.framework/Versions/A/InternationalSupport
0x00007ff81bece000 	/System/Library/PrivateFrameworks/UserActivity.framework/Versions/A/UserActivity
0x00007ff81b224000 	/usr/lib/libspindump.dylib
0x00007ff812e23000 	/System/Library/Frameworks/UniformTypeIdentifiers.framework/Versions/A/UniformTypeIdentifiers
0x00007ff8169b5000 	/usr/lib/libapp_launch_measurement.dylib
0x00007ff815bed000 	/System/Library/PrivateFrameworks/CoreAnalytics.framework/Versions/A/CoreAnalytics
0x00007ff8169b8000 	/System/Library/PrivateFrameworks/CoreAutoLayout.framework/Versions/A/CoreAutoLayout
0x00007ff817be8000 	/System/Library/Frameworks/Metal.framework/Versions/A/Metal
0x00007ff818917000 	/usr/lib/liblangid.dylib
0x00007ff818296000 	/System/Library/PrivateFrameworks/CoreSVG.framework/Versions/A/CoreSVG
0x00007ff81420f000 	/System/Library/PrivateFrameworks/SkyLight.framework/Versions/A/SkyLight
0x00007ff8145ae000 	/System/Library/Frameworks/CoreGraphics.framework/Versions/A/CoreGraphics
0x00007ff82066e000 	/System/Library/Frameworks/Accelerate.framework/Versions/A/Accelerate
0x00007ff81aca3000 	/System/Library/PrivateFrameworks/IconServices.framework/Versions/A/IconServices
0x00007ff817bcd000 	/System/Library/Frameworks/IOSurface.framework/Versions/A/IOSurface
0x00007ff815c1b000 	/usr/lib/libDiagnosticMessagesClient.dylib
0x00007ff823d50000 	/System/Library/Frameworks/ApplicationServices.framework/Versions/A/ApplicationServices
0x00007ff81827d000 	/System/Library/PrivateFrameworks/DFRFoundation.framework/Versions/A/DFRFoundation
0x00007ff8115ec000 	/usr/lib/libicucore.A.dylib
0x00007ff81cc3a000 	/System/Library/Frameworks/AudioToolbox.framework/Versions/A/AudioToolbox
0x00007ff81be50000 	/System/Library/PrivateFrameworks/DataDetectorsCore.framework/Versions/A/DataDetectorsCore
0x00007ff91834e000 	/System/Library/PrivateFrameworks/TextInput.framework/Versions/A/TextInput
0x00007ff814192000 	/usr/lib/libMobileGestalt.dylib
0x00007ff817f89000 	/System/Library/Frameworks/Carbon.framework/Versions/A/Frameworks/HIToolbox.framework/Versions/A/HIToolbox
0x00007ff8163b8000 	/System/Library/Frameworks/QuartzCore.framework/Versions/A/QuartzCore
0x00007ff811291000 	/System/Library/Frameworks/Security.framework/Versions/A/Security
0x00007ff81ffe6000 	/System/Library/Frameworks/Carbon.framework/Versions/A/Frameworks/SpeechRecognition.framework/Versions/A/SpeechRecognition
0x00007ff816715000 	/System/Library/PrivateFrameworks/CoreUI.framework/Versions/A/CoreUI
0x00007ff810b5b000 	/System/Library/Frameworks/CoreAudio.framework/Versions/A/CoreAudio
0x00007ff815d0a000 	/System/Library/Frameworks/DiskArbitration.framework/Versions/A/DiskArbitration
0x00007ff81b612000 	/System/Library/PrivateFrameworks/MultitouchSupport.framework/Versions/A/MultitouchSupport
0x00007ff814191000 	/usr/lib/libenergytrace.dylib
0x00007ff811bf0000 	/System/Library/Frameworks/IOKit.framework/Versions/A/IOKit
0x00007ff8203d6000 	/System/Library/Frameworks/CoreServices.framework/Versions/A/CoreServices
0x00007ff81694f000 	/System/Library/PrivateFrameworks/PerformanceAnalysis.framework/Versions/A/PerformanceAnalysis
0x00007ffa28030000 	/System/Library/Frameworks/OpenGL.framework/Versions/A/OpenGL
0x00007ff819579000 	/System/Library/PrivateFrameworks/MobileKeyBag.framework/Versions/A/MobileKeyBag
0x00007ff814c7a000 	/System/Library/Frameworks/ColorSync.framework/Versions/A/ColorSync
0x00007ff80f28b000 	/System/Library/Frameworks/CoreFoundation.framework/Versions/A/CoreFoundation
0x00007ff81850d000 	/System/Library/Frameworks/CoreImage.framework/Versions/A/CoreImage
0x00007ff81096f000 	/System/Library/Frameworks/CoreText.framework/Versions/A/CoreText
0x00007ff8182c6000 	/System/Library/Frameworks/ImageIO.framework/Versions/A/ImageIO
0x00007ff81a043000 	/System/Library/PrivateFrameworks/SoftLinking.framework/Versions/A/SoftLinking
0x00007ff816a00000 	/usr/lib/libxml2.2.dylib
0x00007ff81a2c7000 	/usr/lib/libcompression.dylib
0x00007ff81bd77000 	/System/Library/PrivateFrameworks/TextureIO.framework/Versions/A/TextureIO
0x00007ff81a9b5000 	/usr/lib/libate.dylib
0x00007ff81a791000 	/usr/lib/liblzma.5.dylib
0x00007ff80fe19000 	/System/Library/Frameworks/SystemConfiguration.framework/Versions/A/SystemConfiguration
0x00007ff81a03f000 	/usr/lib/libfakelink.dylib
0x00007ff813cea000 	/System/Library/Frameworks/CFNetwork.framework/Versions/A/CFNetwork
0x00007ff81a180000 	/usr/lib/libarchive.2.dylib
0x00007ff818913000 	/System/Library/PrivateFrameworks/AppleSystemInfo.framework/Versions/A/AppleSystemInfo
0x00007ff81967a000 	/usr/lib/libbsm.0.dylib
0x00007ff8132f9000 	/usr/lib/libnetwork.dylib
0x00007ff819fd8000 	/usr/lib/system/libkxld.dylib
0x00007ff8192ad000 	/System/Library/PrivateFrameworks/IOMobileFramebuffer.framework/Versions/A/IOMobileFramebuffer
0x00007ffb279fa000 	/usr/lib/libCoreEntitlements.dylib
0x00007ff819cec000 	/System/Library/PrivateFrameworks/AppleFSCompression.framework/Versions/A/AppleFSCompression
0x00007ff819662000 	/usr/lib/libcoretls.dylib
0x00007ff81a7ab000 	/usr/lib/libcoretls_cfhelpers.dylib
0x00007ff81a2c2000 	/usr/lib/libpam.2.dylib
0x00007ff81564c000 	/usr/lib/libsqlite3.dylib
0x00007ff81a81a000 	/usr/lib/libxar.1.dylib
0x00007ff819cfc000 	/usr/lib/libbz2.1.0.dylib
0x00007ff81a044000 	/usr/lib/libpcap.A.dylib
0x00007ff815a25000 	/usr/lib/libdns_services.dylib
0x00007ff81a292000 	/usr/lib/libapple_nghttp2.dylib
0x00007ff81a07e000 	/usr/lib/libiconv.2.dylib
0x00007ff819fd1000 	/usr/lib/libcharset.1.dylib
0x00007ff816983000 	/System/Library/Frameworks/CoreServices.framework/Versions/A/Frameworks/FSEvents.framework/Versions/A/FSEvents
0x00007ff81188a000 	/System/Library/Frameworks/CoreServices.framework/Versions/A/Frameworks/CarbonCore.framework/Versions/A/CarbonCore
0x00007ff815c6e000 	/System/Library/Frameworks/CoreServices.framework/Versions/A/Frameworks/Metadata.framework/Versions/A/Metadata
0x00007ff819d0f000 	/System/Library/Frameworks/CoreServices.framework/Versions/A/Frameworks/OSServices.framework/Versions/A/OSServices
0x00007ff81a207000 	/System/Library/Frameworks/CoreServices.framework/Versions/A/Frameworks/SearchKit.framework/Versions/A/SearchKit
0x00007ff8159b7000 	/System/Library/Frameworks/CoreServices.framework/Versions/A/Frameworks/AE.framework/Versions/A/AE
0x00007ff80f78e000 	/System/Library/Frameworks/CoreServices.framework/Versions/A/Frameworks/LaunchServices.framework/Versions/A/LaunchServices
0x00007ff81a742000 	/System/Library/Frameworks/CoreServices.framework/Versions/A/Frameworks/DictionaryServices.framework/Versions/A/DictionaryServices
0x00007ff816990000 	/System/Library/Frameworks/CoreServices.framework/Versions/A/Frameworks/SharedFileList.framework/Versions/A/SharedFileList
0x00007ff819656000 	/usr/lib/libCheckFix.dylib
0x00007ff8141f6000 	/System/Library/PrivateFrameworks/TCC.framework/Versions/A/TCC
0x00007ff818919000 	/System/Library/PrivateFrameworks/CoreNLP.framework/Versions/A/CoreNLP
0x00007ff815c1e000 	/System/Library/PrivateFrameworks/MetadataUtilities.framework/Versions/A/MetadataUtilities
0x00007ff80feca000 	/usr/lib/libmecabra.dylib
0x00007ff81968a000 	/usr/lib/libmecab.dylib
0x00007ff80fe95000 	/usr/lib/libCRFSuite.dylib
0x00007ff8196e4000 	/usr/lib/libgermantok.dylib
0x00007ff81a26d000 	/usr/lib/libThaiTokenizer.dylib
0x00007ff815d11000 	/System/Library/Frameworks/Accelerate.framework/Versions/A/Frameworks/vImage.framework/Versions/A/vImage
0x00007ff8203ad000 	/System/Library/Frameworks/Accelerate.framework/Versions/A/Frameworks/vecLib.framework/Versions/A/vecLib
0x00007ff81a85b000 	/System/Library/Frameworks/Accelerate.framework/Versions/A/Frameworks/vecLib.framework/Versions/A/libvMisc.dylib
0x00007ff8190d8000 	/System/Library/Frameworks/Accelerate.framework/Versions/A/Frameworks/vecLib.framework/Versions/A/libvDSP.dylib
0x00007ff80fb09000 	/System/Library/Frameworks/Accelerate.framework/Versions/A/Frameworks/vecLib.framework/Versions/A/libBLAS.dylib
0x00007ff81a3a4000 	/System/Library/Frameworks/Accelerate.framework/Versions/A/Frameworks/vecLib.framework/Versions/A/libLAPACK.dylib
0x00007ff8196e7000 	/System/Library/Frameworks/Accelerate.framework/Versions/A/Frameworks/vecLib.framework/Versions/A/libLinearAlgebra.dylib
0x00007ff81a2aa000 	/System/Library/Frameworks/Accelerate.framework/Versions/A/Frameworks/vecLib.framework/Versions/A/libSparseBLAS.dylib
0x00007ff81a39e000 	/System/Library/Frameworks/Accelerate.framework/Versions/A/Frameworks/vecLib.framework/Versions/A/libQuadrature.dylib
0x00007ff818a04000 	/System/Library/Frameworks/Accelerate.framework/Versions/A/Frameworks/vecLib.framework/Versions/A/libBNNS.dylib
0x00007ff80fda3000 	/System/Library/Frameworks/Accelerate.framework/Versions/A/Frameworks/vecLib.framework/Versions/A/libSparse.dylib
0x00007ff8189fd000 	/System/Library/PrivateFrameworks/LinguisticData.framework/Versions/A/LinguisticData
0x00007ff80fd59000 	/System/Library/PrivateFrameworks/Lexicon.framework/Versions/A/Lexicon
0x00007ff81a854000 	/usr/lib/libChineseTokenizer.dylib
0x00007ff8104c4000 	/System/Library/PrivateFrameworks/LanguageModeling.framework/Versions/A/LanguageModeling
0x00007ff81a26f000 	/System/Library/PrivateFrameworks/AppleSauce.framework/Versions/A/AppleSauce
0x00007ff81929b000 	/System/Library/PrivateFrameworks/CoreEmoji.framework/Versions/A/CoreEmoji
0x00007ff81a16f000 	/usr/lib/libcmph.dylib
0x00007ff816967000 	/System/Library/Frameworks/OpenDirectory.framework/Versions/A/Frameworks/CFOpenDirectory.framework/Versions/A/CFOpenDirectory
0x00007ff81695b000 	/System/Library/Frameworks/OpenDirectory.framework/Versions/A/OpenDirectory
0x00007ff81a7ad000 	/System/Library/PrivateFrameworks/APFS.framework/Versions/A/APFS
0x00007ff8195b1000 	/System/Library/Frameworks/SecurityFoundation.framework/Versions/A/SecurityFoundation
0x00007ff81a828000 	/usr/lib/libutil.dylib
0x00007ff811bb4000 	/System/Library/PrivateFrameworks/CoreServicesStore.framework/Versions/A/CoreServicesStore
0x00007ff81a82c000 	/usr/lib/libxslt.1.dylib
0x00007ff81963e000 	/System/Library/PrivateFrameworks/BackgroundTaskManagement.framework/Versions/A/BackgroundTaskManagement
0x00007ff81bc97000 	/System/Library/Frameworks/ImageIO.framework/Versions/A/Resources/libRadiance.dylib
0x00007ff81bca0000 	/System/Library/Frameworks/ImageIO.framework/Versions/A/Resources/libJPEG.dylib
0x00007ff81bbf1000 	/System/Library/Frameworks/ImageIO.framework/Versions/A/Resources/libPng.dylib
0x00007ff81bc12000 	/System/Library/Frameworks/ImageIO.framework/Versions/A/Resources/libTIFF.dylib
0x00007ff81bd00000 	/System/Library/Frameworks/ImageIO.framework/Versions/A/Resources/libGIF.dylib
0x00007ff81b52c000 	/System/Library/Frameworks/ImageIO.framework/Versions/A/Resources/libJP2.dylib
0x00007ff81ac6a000 	/usr/lib/libexpat.1.dylib
0x00007ff81b4e1000 	/System/Library/PrivateFrameworks/AppleJPEG.framework/Versions/A/AppleJPEG
0x00007ff817e4d000 	/System/Library/PrivateFrameworks/FontServices.framework/libFontParser.dylib
0x00007ff815961000 	/System/Library/PrivateFrameworks/RunningBoardServices.framework/Versions/A/RunningBoardServices
0x00007ff826667000 	/System/Library/PrivateFrameworks/IOSurfaceAccelerator.framework/Versions/A/IOSurfaceAccelerator
0x00007ff81b60e000 	/System/Library/PrivateFrameworks/WatchdogClient.framework/Versions/A/WatchdogClient
0x00007ff8105b2000 	/System/Library/Frameworks/CoreDisplay.framework/Versions/A/CoreDisplay
0x00007ff817d4b000 	/System/Library/Frameworks/CoreMedia.framework/Versions/A/CoreMedia
0x00007ff817bdf000 	/System/Library/PrivateFrameworks/IOAccelerator.framework/Versions/A/IOAccelerator
0x00007ff816ae4000 	/System/Library/Frameworks/CoreVideo.framework/Versions/A/CoreVideo
0x00007ff81a2c0000 	/System/Library/Frameworks/MetalPerformanceShaders.framework/Versions/A/MetalPerformanceShaders
0x00007ff81b64b000 	/System/Library/Frameworks/VideoToolbox.framework/Versions/A/VideoToolbox
0x00007ff8158ab000 	/System/Library/PrivateFrameworks/BaseBoard.framework/Versions/A/BaseBoard
0x00007ff815632000 	/System/Library/PrivateFrameworks/ProtocolBuffer.framework/Versions/A/ProtocolBuffer
0x00007ff81bc90000 	/System/Library/PrivateFrameworks/GPUWrangler.framework/Versions/A/GPUWrangler
0x00007ff81bc74000 	/System/Library/PrivateFrameworks/IOPresentment.framework/Versions/A/IOPresentment
0x00007ff81bc9a000 	/System/Library/PrivateFrameworks/DSExternalDisplay.framework/Versions/A/DSExternalDisplay
0x00007ffa28024000 	/System/Library/Frameworks/OpenGL.framework/Versions/A/Libraries/libCoreFSCache.dylib
0x00007ffb150fb000 	/System/Library/PrivateFrameworks/GPUCompiler.framework/Versions/31001/Libraries/libGPUCompilerUtils.dylib
0x00007ff81bd05000 	/System/Library/PrivateFrameworks/CMCaptureCore.framework/Versions/A/CMCaptureCore
0x00007ff81b212000 	/System/Library/PrivateFrameworks/AppServerSupport.framework/Versions/A/AppServerSupport
0x00007ff81d4d3000 	/System/Library/PrivateFrameworks/perfdata.framework/Versions/A/perfdata
0x00007ff8106de000 	/System/Library/PrivateFrameworks/AudioToolboxCore.framework/Versions/A/AudioToolboxCore
0x00007ff817d29000 	/System/Library/PrivateFrameworks/caulk.framework/Versions/A/caulk
0x00007ff81cde5000 	/usr/lib/libAudioStatistics.dylib
0x00007ff914adc000 	/System/Library/PrivateFrameworks/SystemPolicy.framework/Versions/A/SystemPolicy
0x00007ff81d040000 	/usr/lib/libSMC.dylib
0x00007ff825f5f000 	/System/Library/Frameworks/CoreMIDI.framework/Versions/A/CoreMIDI
0x00007ff81bbc0000 	/usr/lib/libAudioToolboxUtility.dylib
0x00007ff910d08000 	/System/Library/PrivateFrameworks/OSAServicesClient.framework/Versions/A/OSAServicesClient
0x00007ff81d4e0000 	/usr/lib/libperfcheck.dylib
0x00007ff915589000 	/usr/lib/libmis.dylib
0x00007ffa2807f000 	/System/Library/Frameworks/OpenGL.framework/Versions/A/Libraries/libGLU.dylib
0x00007ffa28043000 	/System/Library/Frameworks/OpenGL.framework/Versions/A/Libraries/libGFXShared.dylib
0x00007ffa2824c000 	/System/Library/Frameworks/OpenGL.framework/Versions/A/Libraries/libGL.dylib
0x00007ffa2804c000 	/System/Library/Frameworks/OpenGL.framework/Versions/A/Libraries/libGLImage.dylib
0x00007ffa28040000 	/System/Library/Frameworks/OpenGL.framework/Versions/A/Libraries/libCVMSPluginSupport.dylib
0x00007ffa2802b000 	/System/Library/Frameworks/OpenGL.framework/Versions/A/Libraries/libCoreVMClient.dylib
0x00007ff818895000 	/System/Library/Frameworks/MetalPerformanceShaders.framework/Versions/A/Frameworks/MPSCore.framework/Versions/A/MPSCore
0x00007ff819c57000 	/System/Library/Frameworks/MetalPerformanceShaders.framework/Versions/A/Frameworks/MPSImage.framework/Versions/A/MPSImage
0x00007ff8196fd000 	/System/Library/Frameworks/MetalPerformanceShaders.framework/Versions/A/Frameworks/MPSNeuralNetwork.framework/Versions/A/MPSNeuralNetwork
0x00007ff819b71000 	/System/Library/Frameworks/MetalPerformanceShaders.framework/Versions/A/Frameworks/MPSMatrix.framework/Versions/A/MPSMatrix
0x00007ff81992c000 	/System/Library/Frameworks/MetalPerformanceShaders.framework/Versions/A/Frameworks/MPSRayIntersector.framework/Versions/A/MPSRayIntersector
0x00007ff819ba9000 	/System/Library/Frameworks/MetalPerformanceShaders.framework/Versions/A/Frameworks/MPSNDArray.framework/Versions/A/MPSNDArray
0x00007ffa2db04000 	/System/Library/Frameworks/MetalPerformanceShaders.framework/Versions/A/Frameworks/MPSFunctions.framework/Versions/A/MPSFunctions
0x00007ff80f9e5000 	/System/Library/PrivateFrameworks/MetalTools.framework/Versions/A/MetalTools
0x00007ff818911000 	/System/Library/PrivateFrameworks/AggregateDictionary.framework/Versions/A/AggregateDictionary
0x00007ff81aa4c000 	/usr/lib/libIOReport.dylib
0x00007ffa2965b000 	/System/Library/Frameworks/OpenCL.framework/Versions/A/OpenCL
0x00007ff81adb0000 	/System/Library/PrivateFrameworks/FaceCore.framework/Versions/A/FaceCore
0x00007ff81ada1000 	/System/Library/PrivateFrameworks/GraphVisualizer.framework/Versions/A/GraphVisualizer
0x00007ffb15006000 	/System/Library/PrivateFrameworks/FontServices.framework/Versions/A/FontServices
0x00007ff81b1ca000 	/System/Library/PrivateFrameworks/OTSVG.framework/Versions/A/OTSVG
0x00007ff8166cb000 	/System/Library/Frameworks/ApplicationServices.framework/Versions/A/Frameworks/ATS.framework/Versions/A/Resources/libFontRegistry.dylib
0x00007ff81b21a000 	/System/Library/PrivateFrameworks/FontServices.framework/libhvf.dylib
0x00007ffb15007000 	/System/Library/PrivateFrameworks/FontServices.framework/libXTFontStaticRegistryData.dylib
0x00007ff81ac1a000 	/System/Library/PrivateFrameworks/AppleVA.framework/Versions/A/AppleVA
0x00007ff81ce05000 	/System/Library/Frameworks/ApplicationServices.framework/Versions/A/Frameworks/ATS.framework/Versions/A/ATS
0x00007ff814d78000 	/System/Library/Frameworks/ApplicationServices.framework/Versions/A/Frameworks/HIServices.framework/Versions/A/HIServices
0x00007ff81bd0f000 	/System/Library/Frameworks/ApplicationServices.framework/Versions/A/Frameworks/PrintCore.framework/Versions/A/PrintCore
0x00007ff81d193000 	/System/Library/Frameworks/ApplicationServices.framework/Versions/A/Frameworks/QD.framework/Versions/A/QD
0x00007ff81d18b000 	/System/Library/Frameworks/ApplicationServices.framework/Versions/A/Frameworks/ColorSyncLegacy.framework/Versions/A/ColorSyncLegacy
0x00007ff81cdf5000 	/System/Library/Frameworks/ApplicationServices.framework/Versions/A/Frameworks/SpeechSynthesis.framework/Versions/A/SpeechSynthesis
0x00007ff81bcd0000 	/System/Library/Frameworks/ApplicationServices.framework/Versions/A/Frameworks/ATSUI.framework/Versions/A/ATSUI
0x00007ff81d120000 	/usr/lib/libcups.2.dylib
0x00007ff81d4ef000 	/System/Library/Frameworks/Kerberos.framework/Versions/A/Kerberos
0x00007ff81d4fe000 	/System/Library/Frameworks/GSS.framework/Versions/A/GSS
0x00007ff81ce71000 	/usr/lib/libresolv.9.dylib
0x00007ff81b229000 	/System/Library/PrivateFrameworks/Heimdal.framework/Versions/A/Heimdal
0x00007ff8240e2000 	/System/Library/Frameworks/Kerberos.framework/Versions/A/Libraries/libHeimdalProxy.dylib
0x00007ff815a35000 	/System/Library/Frameworks/Network.framework/Versions/A/Network
0x00007ff81ac84000 	/usr/lib/libheimdal-asn1.dylib
0x00007ff81d549000 	/System/Library/PrivateFrameworks/CommonAuth.framework/Versions/A/CommonAuth
0x00007ff81cd77000 	/System/Library/PrivateFrameworks/AudioSession.framework/Versions/A/AudioSession
0x00007ff81ad14000 	/System/Library/PrivateFrameworks/MediaExperience.framework/Versions/A/MediaExperience
0x00007ff81cc09000 	/System/Library/PrivateFrameworks/AudioSession.framework/libSessionUtility.dylib
0x00007ff81d19f000 	/System/Library/PrivateFrameworks/AudioResourceArbitration.framework/Versions/A/AudioResourceArbitration
0x00007ff821220000 	/System/Library/PrivateFrameworks/PowerLog.framework/Versions/A/PowerLog
0x00007ff81ac8d000 	/System/Library/PrivateFrameworks/IconFoundation.framework/Versions/A/IconFoundation
0x00007ff81ffd6000 	/System/Library/PrivateFrameworks/SpeechRecognitionCore.framework/Versions/A/SpeechRecognitionCore
0x0000000105116000 	/Library/Java/JavaVirtualMachines/jdk-17.0.3.1.jdk/Contents/Home/lib/server/libjvm.dylib
0x000000010411c000 	/Library/Java/JavaVirtualMachines/jdk-17.0.3.1.jdk/Contents/Home/lib/libjimage.dylib
0x000000010413f000 	/Library/Java/JavaVirtualMachines/jdk-17.0.3.1.jdk/Contents/Home/lib/libinstrument.dylib
0x0000000104181000 	/Library/Java/JavaVirtualMachines/jdk-17.0.3.1.jdk/Contents/Home/lib/libjava.dylib
0x000000010500c000 	/Library/Java/JavaVirtualMachines/jdk-17.0.3.1.jdk/Contents/Home/lib/libnio.dylib
0x0000000105028000 	/Library/Java/JavaVirtualMachines/jdk-17.0.3.1.jdk/Contents/Home/lib/libnet.dylib
0x0000000105048000 	/Library/Java/JavaVirtualMachines/jdk-17.0.3.1.jdk/Contents/Home/lib/libzip.dylib
0x000000010505c000 	/Users/koreylombardi/.openjfx/cache/17.0.1/libprism_es2.dylib
0x00007ff811b76000 	/System/Library/PrivateFrameworks/CoreServicesInternal.framework/Versions/A/CoreServicesInternal
0x00007ffa28257000 	/System/Library/Frameworks/OpenGL.framework/Versions/A/Resources/GLEngine.bundle/GLEngine
0x00007ffa280bd000 	/System/Library/Frameworks/OpenGL.framework/Versions/A/Libraries/libGLProgrammability.dylib
0x00007ffa1d0d3000 	/System/Library/Extensions/AppleIntelKBLGraphicsGLDriver.bundle/Contents/MacOS/AppleIntelKBLGraphicsGLDriver
0x00007ff91f724000 	/System/Library/PrivateFrameworks/GPUSupport.framework/Versions/A/Libraries/libGPUSupportMercury.dylib
0x00007ffa283e1000 	/System/Library/Frameworks/OpenGL.framework/Versions/A/Resources/GLRendererFloat.bundle/GLRendererFloat
0x000000010adbe000 	/Users/koreylombardi/.openjfx/cache/17.0.1/libglass.dylib
0x00007ff821811000 	/System/Library/Frameworks/FileProvider.framework/Versions/A/FileProvider
0x00007ff815818000 	/System/Library/Frameworks/Accounts.framework/Versions/A/Accounts
0x00007ff82198a000 	/System/Library/PrivateFrameworks/GenerationalStorage.framework/Versions/A/GenerationalStorage
0x00007ff82249a000 	/System/Library/PrivateFrameworks/CoreSymbolication.framework/Versions/A/CoreSymbolication
0x00007ff821215000 	/System/Library/PrivateFrameworks/SymptomDiagnosticReporter.framework/Versions/A/SymptomDiagnosticReporter
0x00007ff812e37000 	/System/Library/PrivateFrameworks/DesktopServicesPriv.framework/Versions/A/DesktopServicesPriv
0x00007ff811cb5000 	/usr/lib/libsandbox.1.dylib
0x00007ff816b63000 	/System/Library/PrivateFrameworks/UserManagement.framework/Versions/A/UserManagement
0x00007ff82245f000 	/System/Library/PrivateFrameworks/DebugSymbols.framework/Versions/A/DebugSymbols
0x00007ff81d180000 	/System/Library/PrivateFrameworks/NetAuth.framework/Versions/A/NetAuth
0x00007ff81e08f000 	/System/Library/PrivateFrameworks/Sharing.framework/Versions/A/Sharing
0x00007ff816b36000 	/System/Library/PrivateFrameworks/login.framework/Versions/A/Frameworks/loginsupport.framework/Versions/A/loginsupport
0x00007ff8235fd000 	/System/Library/PrivateFrameworks/Apple80211.framework/Versions/A/Apple80211
0x00007ff819d3c000 	/System/Library/PrivateFrameworks/AuthKit.framework/Versions/A/AuthKit
0x00007ff819391000 	/System/Library/PrivateFrameworks/CoreUtils.framework/Versions/A/CoreUtils
0x00007ff8192b8000 	/System/Library/Frameworks/CoreWLAN.framework/Versions/A/CoreWLAN
0x00007ff81e1ee000 	/System/Library/Frameworks/IOBluetooth.framework/Versions/A/IOBluetooth
0x00007ff823665000 	/System/Library/PrivateFrameworks/CoreWiFi.framework/Versions/A/CoreWiFi
0x00007ff822034000 	/System/Library/PrivateFrameworks/FrontBoardServices.framework/Versions/A/FrontBoardServices
0x00007ff8220c5000 	/System/Library/PrivateFrameworks/BoardServices.framework/Versions/A/BoardServices
0x00007ff8195a0000 	/System/Library/PrivateFrameworks/AssertionServices.framework/Versions/A/AssertionServices
0x00007ff8237e8000 	/System/Library/PrivateFrameworks/BackBoardServices.framework/Versions/A/BackBoardServices
0x00007ff81d5da000 	/System/Library/PrivateFrameworks/CorePhoneNumbers.framework/Versions/A/CorePhoneNumbers
0x00007ff81ce9e000 	/System/Library/PrivateFrameworks/MultiverseSupport.framework/Versions/A/MultiverseSupport
0x00007ff823a5b000 	/System/Library/PrivateFrameworks/RemoteServiceDiscovery.framework/Versions/A/RemoteServiceDiscovery
0x00007ff821332000 	/System/Library/PrivateFrameworks/DiskManagement.framework/Versions/A/DiskManagement
0x00007ff821246000 	/System/Library/PrivateFrameworks/AppleIDAuthSupport.framework/Versions/A/AppleIDAuthSupport
0x00007ffb0f981000 	/System/Library/PrivateFrameworks/AAAFoundation.framework/Versions/A/AAAFoundation
0x00007ff81d5bb000 	/System/Library/PrivateFrameworks/KeychainCircle.framework/Versions/A/KeychainCircle
0x00007ff823a6b000 	/System/Library/PrivateFrameworks/RemoteXPC.framework/Versions/A/RemoteXPC
0x00007ff8212fe000 	/System/Library/PrivateFrameworks/MediaKit.framework/Versions/A/MediaKit
0x00007ff821252000 	/System/Library/Frameworks/DiscRecording.framework/Versions/A/DiscRecording
0x00007ff81ab92000 	/usr/lib/libCoreStorage.dylib
0x00007ff823ad6000 	/usr/lib/libcsfde.dylib
0x00007ff81e2bb000 	/System/Library/PrivateFrameworks/ProtectedCloudStorage.framework/Versions/A/ProtectedCloudStorage
0x00007ff823ad2000 	/System/Library/PrivateFrameworks/EFILogin.framework/Versions/A/EFILogin
0x00007ff8219b0000 	/System/Library/PrivateFrameworks/OctagonTrust.framework/Versions/A/OctagonTrust
0x00007ffb14269000 	/System/Library/PrivateFrameworks/CoreUtilsExtras.framework/Versions/A/CoreUtilsExtras
0x00007ff821179000 	/System/Library/Frameworks/CoreBluetooth.framework/Versions/A/CoreBluetooth
0x00007ff824167000 	/System/Library/Frameworks/AudioUnit.framework/Versions/A/AudioUnit
0x00007ff81ab8a000 	/usr/lib/libMatch.1.dylib
0x00007ff919bad000 	/System/Library/Frameworks/Accelerate.framework/Versions/A/Frameworks/vImage.framework/Versions/A/Libraries/libCGInterfaces.dylib
0x000000010afdd000 	/usr/lib/libobjc-trampolines.dylib
0x00007ff81685b000 	/System/Library/PrivateFrameworks/ViewBridge.framework/Versions/A/ViewBridge
0x00007ffb27ae9000 	/usr/lib/libRosetta.dylib


VM Arguments:
jvm_args: -javaagent:/Applications/IntelliJ IDEA CE.app/Contents/lib/idea_rt.jar=64286:/Applications/IntelliJ IDEA CE.app/Contents/bin -Dfile.encoding=UTF-8 --module-path=/Users/koreylombardi/Desktop/restaurant_app/target/classes:/Users/koreylombardi/.m2/repository/org/openjfx/javafx-controls/17.0.1/javafx-controls-17.0.1-mac.jar:/Users/koreylombardi/.m2/repository/org/openjfx/javafx-base/17.0.1/javafx-base-17.0.1-mac.jar:/Users/koreylombardi/.m2/repository/org/openjfx/javafx-fxml/17.0.1/javafx-fxml-17.0.1-mac.jar:/Users/koreylombardi/.m2/repository/org/openjfx/javafx-graphics/17.0.1/javafx-graphics-17.0.1-mac.jar -Djdk.module.main=com.restaurant.restaurant_app 
java_command: com.restaurant.restaurant_app/com.restaurant.restaurant_app.Main
java_class_path (initial): /Users/koreylombardi/.m2/repository/org/openjfx/javafx-controls/17.0.1/javafx-controls-17.0.1.jar:/Users/koreylombardi/.m2/repository/org/openjfx/javafx-graphics/17.0.1/javafx-graphics-17.0.1.jar:/Users/koreylombardi/.m2/repository/org/openjfx/javafx-base/17.0.1/javafx-base-17.0.1.jar:/Users/koreylombardi/.m2/repository/org/openjfx/javafx-fxml/17.0.1/javafx-fxml-17.0.1.jar
Launcher Type: SUN_STANDARD

[Global flags]
     intx CICompilerCount                          = 3                                         {product} {ergonomic}
     uint ConcGCThreads                            = 1                                         {product} {ergonomic}
     uint G1ConcRefinementThreads                  = 4                                         {product} {ergonomic}
   size_t G1HeapRegionSize                         = 1048576                                   {product} {ergonomic}
    uintx GCDrainStackTargetSize                   = 64                                        {product} {ergonomic}
   size_t InitialHeapSize                          = 134217728                                 {product} {ergonomic}
   size_t MarkStackSize                            = 4194304                                   {product} {ergonomic}
   size_t MaxHeapSize                              = 2147483648                                {product} {ergonomic}
   size_t MaxNewSize                               = 1287651328                                {product} {ergonomic}
   size_t MinHeapDeltaBytes                        = 1048576                                   {product} {ergonomic}
   size_t MinHeapSize                              = 8388608                                   {product} {ergonomic}
    uintx NonNMethodCodeHeapSize                   = 5832780                                {pd product} {ergonomic}
    uintx NonProfiledCodeHeapSize                  = 122912730                              {pd product} {ergonomic}
    uintx ProfiledCodeHeapSize                     = 122912730                              {pd product} {ergonomic}
    uintx ReservedCodeCacheSize                    = 251658240                              {pd product} {ergonomic}
     bool SegmentedCodeCache                       = true                                      {product} {ergonomic}
   size_t SoftMaxHeapSize                          = 2147483648                             {manageable} {ergonomic}
     bool UseCompressedClassPointers               = true                           {product lp64_product} {ergonomic}
     bool UseCompressedOops                        = true                           {product lp64_product} {ergonomic}
     bool UseG1GC                                  = true                                      {product} {ergonomic}
     bool UseNUMA                                  = false                                     {product} {ergonomic}
     bool UseNUMAInterleaving                      = false                                     {product} {ergonomic}

Logging:
Log output configuration:
 #0: stdout all=warning uptime,level,tags
 #1: stderr all=off uptime,level,tags

Environment Variables:
PATH=/usr/bin/python3:/Library/Frameworks/Python.framework/Versions/3.10/bin:/usr/local/bin:/usr/bin:/bin:/usr/sbin:/sbin
SHELL=/bin/zsh
LC_CTYPE=en_US.UTF-8

Signal Handlers:
   SIGSEGV: _ZL13crash_handleriP9__siginfoPv in libjvm.dylib, mask=11100110000111110111111111111111, flags=SA_RESTART|SA_SIGINFO
    SIGBUS: _ZL13crash_handleriP9__siginfoPv in libjvm.dylib, mask=11100110000111110111111111111111, flags=SA_RESTART|SA_SIGINFO
    SIGFPE: _ZL13crash_handleriP9__siginfoPv in libjvm.dylib, mask=11100110000111110111111111111111, flags=SA_RESTART|SA_SIGINFO
   SIGPIPE: _ZL17javaSignalHandleriP9__siginfoPv in libjvm.dylib, mask=11100110000111110111111111111111, flags=SA_RESTART|SA_SIGINFO
   SIGXFSZ: _ZL17javaSignalHandleriP9__siginfoPv in libjvm.dylib, mask=11100110000111110111111111111111, flags=SA_RESTART|SA_SIGINFO
    SIGILL: _ZL13crash_handleriP9__siginfoPv in libjvm.dylib, mask=11100110000111110111111111111111, flags=SA_RESTART|SA_SIGINFO
   SIGUSR2: _ZL10SR_handleriP9__siginfoP17__darwin_ucontext in libjvm.dylib, mask=00100000000000000000000000000000, flags=SA_RESTART|SA_SIGINFO
    SIGHUP: _ZL11UserHandleriPvS_ in libjvm.dylib, mask=11100110000111110111111111111111, flags=SA_RESTART|SA_SIGINFO
    SIGINT: _ZL11UserHandleriPvS_ in libjvm.dylib, mask=11100110000111110111111111111111, flags=SA_RESTART|SA_SIGINFO
   SIGTERM: _ZL11UserHandleriPvS_ in libjvm.dylib, mask=11100110000111110111111111111111, flags=SA_RESTART|SA_SIGINFO
   SIGQUIT: _ZL11UserHandleriPvS_ in libjvm.dylib, mask=11100110000111110111111111111111, flags=SA_RESTART|SA_SIGINFO
   SIGTRAP: _ZL13crash_handleriP9__siginfoPv in libjvm.dylib, mask=11100110000111110111111111111111, flags=SA_RESTART|SA_SIGINFO


---------------  S Y S T E M  ---------------

OS:
uname: Darwin 21.6.0 Darwin Kernel Version 21.6.0: Sat Jun 18 17:07:25 PDT 2022; root:xnu-8020.140.41~1/RELEASE_X86_64 x86_64
OS uptime: 2 days 23:17 hours
rlimit (soft/hard): STACK 8192k/65532k , CORE 0k/infinity , NPROC 1392/2088 , NOFILE 10240/infinity , AS infinity/infinity , CPU infinity/infinity , DATA infinity/infinity , FSIZE infinity/infinity , MEMLOCK infinity/infinity , RSS infinity/infinity
load average: 2.37 3.06 3.61

CPU: total 4 (initial active 4) (2 cores per cpu, 2 threads per core) family 6 model 142 stepping 9 microcode 0xf0, cx8, cmov, fxsr, ht, mmx, 3dnowpref, sse, sse2, sse3, ssse3, sse4.1, sse4.2, popcnt, lzcnt, tsc, tscinvbit, avx, avx2, aes, erms, clmul, bmi1, bmi2, adx, fma, vzeroupper, clflush, clflushopt

Memory: 4k page, physical 8388608k(17524k free), swap 2097152k(1471488k free)

vm_info: Java HotSpot(TM) 64-Bit Server VM (17.0.3.1+2-LTS-6) for bsd-amd64 JRE (17.0.3.1+2-LTS-6), built on Apr 25 2022 20:52:23 by "mach5one" with clang Apple LLVM 12.0.0 (clang-1200.0.32.29)

END.
